<?xml version="1.0" encoding="UTF-8"?>
<coverage generated="1783552690480" clover="3.2.0">
  <project timestamp="1783552690480" name="All files">
    <metrics statements="96" coveredstatements="80" conditionals="76" coveredconditionals="57" methods="17" coveredmethods="14" elements="189" coveredelements="151" complexity="0" loc="96" ncloc="96" packages="1" files="2" classes="2"/>
    <file name="dashboardService.ts" path="/Users/riyansh/stadiaos/src/services/dashboardService.ts">
      <metrics statements="51" coveredstatements="48" conditionals="46" coveredconditionals="37" methods="9" coveredmethods="7"/>
      <line num="22" count="1" type="stmt"/>
      <line num="23" count="5" type="cond" truecount="4" falsecount="0"/>
      <line num="25" count="1" type="stmt"/>
      <line num="26" count="4" type="stmt"/>
      <line num="27" count="4" type="cond" truecount="2" falsecount="0"/>
      <line num="28" count="2" type="stmt"/>
      <line num="29" count="0" type="cond" truecount="0" falsecount="2"/>
      <line num="33" count="1" type="stmt"/>
      <line num="35" count="5" type="cond" truecount="2" falsecount="0"/>
      <line num="36" count="1" type="stmt"/>
      <line num="37" count="1" type="stmt"/>
      <line num="40" count="4" type="stmt"/>
      <line num="47" count="4" type="cond" truecount="4" falsecount="0"/>
      <line num="48" count="1" type="cond" truecount="1" falsecount="1"/>
      <line num="49" count="1" type="stmt"/>
      <line num="51" count="1" type="stmt"/>
      <line num="54" count="3" type="stmt"/>
      <line num="55" count="3" type="stmt"/>
      <line num="57" count="3" type="stmt"/>
      <line num="58" count="6" type="cond" truecount="5" falsecount="0"/>
      <line num="59" count="5" type="stmt"/>
      <line num="61" count="5" type="stmt"/>
      <line num="68" count="3" type="stmt"/>
      <line num="72" count="4" type="cond" truecount="2" falsecount="0"/>
      <line num="73" count="1" type="stmt"/>
      <line num="74" count="1" type="stmt"/>
      <line num="77" count="3" type="stmt"/>
      <line num="83" count="3" type="cond" truecount="5" falsecount="0"/>
      <line num="84" count="1" type="stmt"/>
      <line num="87" count="2" type="cond" truecount="1" falsecount="1"/>
      <line num="88" count="0" type="stmt"/>
      <line num="91" count="2" type="stmt"/>
      <line num="92" count="2" type="stmt"/>
      <line num="104" count="1" type="cond" truecount="1" falsecount="1"/>
      <line num="105" count="4" type="cond" truecount="2" falsecount="0"/>
      <line num="106" count="2" type="stmt"/>
      <line num="107" count="1" type="stmt"/>
      <line num="110" count="1" type="stmt"/>
      <line num="112" count="1" type="stmt"/>
      <line num="113" count="1" type="stmt"/>
      <line num="118" count="3" type="cond" truecount="2" falsecount="0"/>
      <line num="119" count="1" type="stmt"/>
      <line num="120" count="1" type="stmt"/>
      <line num="123" count="2" type="stmt"/>
      <line num="124" count="2" type="cond" truecount="1" falsecount="1"/>
      <line num="125" count="0" type="cond" truecount="0" falsecount="2"/>
      <line num="128" count="3" type="stmt"/>
      <line num="133" count="2" type="cond" truecount="2" falsecount="0"/>
      <line num="134" count="1" type="stmt"/>
      <line num="137" count="2" type="cond" truecount="2" falsecount="0"/>
      <line num="139" count="3" type="stmt"/>
    </file>
    <file name="opsService.ts" path="/Users/riyansh/stadiaos/src/services/opsService.ts">
      <metrics statements="45" coveredstatements="32" conditionals="30" coveredconditionals="20" methods="8" coveredmethods="7"/>
      <line num="7" count="4" type="cond" truecount="2" falsecount="0"/>
      <line num="28" count="1" type="stmt"/>
      <line num="30" count="4" type="stmt"/>
      <line num="32" count="3" type="cond" truecount="2" falsecount="0"/>
      <line num="33" count="1" type="stmt"/>
      <line num="36" count="2" type="stmt"/>
      <line num="43" count="2" type="cond" truecount="1" falsecount="1"/>
      <line num="44" count="0" type="stmt"/>
      <line num="47" count="2" type="stmt"/>
      <line num="53" count="2" type="cond" truecount="1" falsecount="1"/>
      <line num="54" count="0" type="stmt"/>
      <line num="57" count="2" type="stmt"/>
      <line num="58" count="3" type="cond" truecount="2" falsecount="0"/>
      <line num="60" count="2" type="stmt"/>
      <line num="61" count="3" type="stmt"/>
      <line num="63" count="2" type="stmt"/>
      <line num="72" count="4" type="stmt"/>
      <line num="74" count="3" type="cond" truecount="3" falsecount="1"/>
      <line num="75" count="0" type="stmt"/>
      <line num="78" count="3" type="stmt"/>
      <line num="79" count="3" type="stmt"/>
      <line num="80" count="3" type="cond" truecount="3" falsecount="1"/>
      <line num="81" count="0" type="stmt"/>
      <line num="84" count="3" type="stmt"/>
      <line num="97" count="3" type="cond" truecount="2" falsecount="0"/>
      <line num="98" count="1" type="stmt"/>
      <line num="99" count="1" type="stmt"/>
      <line num="104" count="0" type="stmt"/>
      <line num="106" count="0" type="cond" truecount="0" falsecount="2"/>
      <line num="107" count="0" type="stmt"/>
      <line num="108" count="0" type="stmt"/>
      <line num="111" count="0" type="stmt"/>
      <line num="118" count="0" type="cond" truecount="0" falsecount="2"/>
      <line num="119" count="0" type="stmt"/>
      <line num="120" count="0" type="stmt"/>
      <line num="123" count="0" type="cond" truecount="0" falsecount="2"/>
      <line num="127" count="5" type="stmt"/>
      <line num="129" count="4" type="cond" truecount="4" falsecount="0"/>
      <line num="130" count="2" type="stmt"/>
      <line num="133" count="2" type="stmt"/>
      <line num="134" count="2" type="stmt"/>
      <line num="136" count="1" type="stmt"/>
      <line num="137" count="1" type="stmt"/>
      <line num="138" count="4" type="stmt"/>
      <line num="141" count="1" type="stmt"/>
    </file>
  </project>
</coverage>
