{"/Users/riyansh/stadiaos/src/services/dashboardService.ts": {"path":"/Users/riyansh/stadiaos/src/services/dashboardService.ts","statementMap":{"0":{"start":{"line":22,"column":6},"end":{"line":23,"column":null}},"1":{"start":{"line":23,"column":2},"end":{"line":23,"column":null}},"2":{"start":{"line":25,"column":6},"end":{"line":31,"column":null}},"3":{"start":{"line":26,"column":21},"end":{"line":26,"column":null}},"4":{"start":{"line":26,"column":42},"end":{"line":26,"column":85}},"5":{"start":{"line":27,"column":2},"end":{"line":27,"column":null}},"6":{"start":{"line":27,"column":31},"end":{"line":27,"column":null}},"7":{"start":{"line":28,"column":2},"end":{"line":30,"column":null}},"8":{"start":{"line":29,"column":4},"end":{"line":29,"column":null}},"9":{"start":{"line":33,"column":32},"end":{"line":145,"column":null}},"10":{"start":{"line":35,"column":4},"end":{"line":38,"column":null}},"11":{"start":{"line":36,"column":6},"end":{"line":36,"column":null}},"12":{"start":{"line":37,"column":6},"end":{"line":37,"column":null}},"13":{"start":{"line":40,"column":28},"end":{"line":45,"column":null}},"14":{"start":{"line":47,"column":4},"end":{"line":52,"column":null}},"15":{"start":{"line":48,"column":6},"end":{"line":50,"column":null}},"16":{"start":{"line":49,"column":8},"end":{"line":49,"column":null}},"17":{"start":{"line":51,"column":6},"end":{"line":51,"column":null}},"18":{"start":{"line":54,"column":17},"end":{"line":54,"column":null}},"19":{"start":{"line":55,"column":32},"end":{"line":55,"column":null}},"20":{"start":{"line":57,"column":4},"end":{"line":66,"column":null}},"21":{"start":{"line":58,"column":6},"end":{"line":58,"column":null}},"22":{"start":{"line":58,"column":93},"end":{"line":58,"column":null}},"23":{"start":{"line":59,"column":6},"end":{"line":59,"column":null}},"24":{"start":{"line":61,"column":6},"end":{"line":65,"column":null}},"25":{"start":{"line":68,"column":4},"end":{"line":68,"column":null}},"26":{"start":{"line":72,"column":4},"end":{"line":75,"column":null}},"27":{"start":{"line":73,"column":6},"end":{"line":73,"column":null}},"28":{"start":{"line":74,"column":6},"end":{"line":74,"column":null}},"29":{"start":{"line":77,"column":28},"end":{"line":81,"column":null}},"30":{"start":{"line":83,"column":4},"end":{"line":85,"column":null}},"31":{"start":{"line":84,"column":6},"end":{"line":84,"column":null}},"32":{"start":{"line":87,"column":4},"end":{"line":89,"column":null}},"33":{"start":{"line":88,"column":6},"end":{"line":88,"column":null}},"34":{"start":{"line":91,"column":4},"end":{"line":114,"column":null}},"35":{"start":{"line":92,"column":25},"end":{"line":102,"column":null}},"36":{"start":{"line":104,"column":12},"end":{"line":104,"column":null}},"37":{"start":{"line":105,"column":6},"end":{"line":108,"column":null}},"38":{"start":{"line":106,"column":24},"end":{"line":106,"column":null}},"39":{"start":{"line":106,"column":61},"end":{"line":106,"column":65}},"40":{"start":{"line":107,"column":8},"end":{"line":107,"column":null}},"41":{"start":{"line":110,"column":6},"end":{"line":110,"column":null}},"42":{"start":{"line":112,"column":6},"end":{"line":112,"column":null}},"43":{"start":{"line":113,"column":6},"end":{"line":113,"column":null}},"44":{"start":{"line":118,"column":4},"end":{"line":121,"column":null}},"45":{"start":{"line":119,"column":6},"end":{"line":119,"column":null}},"46":{"start":{"line":120,"column":6},"end":{"line":120,"column":null}},"47":{"start":{"line":123,"column":18},"end":{"line":123,"column":null}},"48":{"start":{"line":124,"column":31},"end":{"line":126,"column":null}},"49":{"start":{"line":125,"column":38},"end":{"line":125,"column":82}},"50":{"start":{"line":128,"column":51},"end":{"line":131,"column":null}},"51":{"start":{"line":133,"column":4},"end":{"line":135,"column":null}},"52":{"start":{"line":134,"column":6},"end":{"line":134,"column":null}},"53":{"start":{"line":137,"column":22},"end":{"line":137,"column":null}},"54":{"start":{"line":139,"column":4},"end":{"line":143,"column":null}}},"fnMap":{"0":{"name":"(anonymous_0)","decl":{"start":{"line":22,"column":6},"end":{"line":22,"column":23}},"loc":{"start":{"line":23,"column":2},"end":{"line":23,"column":null}},"line":23},"1":{"name":"(anonymous_1)","decl":{"start":{"line":25,"column":6},"end":{"line":25,"column":32}},"loc":{"start":{"line":25,"column":88},"end":{"line":31,"column":null}},"line":25},"2":{"name":"(anonymous_2)","decl":{"start":{"line":26,"column":26},"end":{"line":26,"column":34}},"loc":{"start":{"line":26,"column":42},"end":{"line":26,"column":85}},"line":26},"3":{"name":"(anonymous_3)","decl":{"start":{"line":28,"column":20},"end":{"line":28,"column":28}},"loc":{"start":{"line":29,"column":4},"end":{"line":29,"column":null}},"line":29},"4":{"name":"(anonymous_4)","decl":{"start":{"line":34,"column":26},"end":{"line":34,"column":33}},"loc":{"start":{"line":34,"column":76},"end":{"line":69,"column":null}},"line":34},"5":{"name":"(anonymous_5)","decl":{"start":{"line":71,"column":31},"end":{"line":71,"column":38}},"loc":{"start":{"line":71,"column":87},"end":{"line":115,"column":null}},"line":71},"6":{"name":"(anonymous_6)","decl":{"start":{"line":106,"column":31},"end":{"line":106,"column":36}},"loc":{"start":{"line":106,"column":61},"end":{"line":106,"column":65}},"line":106},"7":{"name":"(anonymous_7)","decl":{"start":{"line":117,"column":22},"end":{"line":117,"column":29}},"loc":{"start":{"line":117,"column":49},"end":{"line":144,"column":null}},"line":117},"8":{"name":"(anonymous_8)","decl":{"start":{"line":125,"column":14},"end":{"line":125,"column":22}},"loc":{"start":{"line":125,"column":38},"end":{"line":125,"column":82}},"line":125}},"branchMap":{"0":{"loc":{"start":{"line":23,"column":2},"end":{"line":23,"column":null}},"type":"cond-expr","locations":[{"start":{"line":23,"column":18},"end":{"line":23,"column":27}},{"start":{"line":23,"column":27},"end":{"line":23,"column":null}}],"line":23},"1":{"loc":{"start":{"line":23,"column":27},"end":{"line":23,"column":null}},"type":"cond-expr","locations":[{"start":{"line":23,"column":43},"end":{"line":23,"column":54}},{"start":{"line":23,"column":54},"end":{"line":23,"column":null}}],"line":23},"2":{"loc":{"start":{"line":27,"column":2},"end":{"line":27,"column":null}},"type":"if","locations":[{"start":{"line":27,"column":2},"end":{"line":27,"column":null}},{"start":{},"end":{}}],"line":27},"3":{"loc":{"start":{"line":29,"column":4},"end":{"line":29,"column":null}},"type":"cond-expr","locations":[{"start":{"line":29,"column":65},"end":{"line":29,"column":72}},{"start":{"line":29,"column":72},"end":{"line":29,"column":null}}],"line":29},"4":{"loc":{"start":{"line":35,"column":4},"end":{"line":38,"column":null}},"type":"if","locations":[{"start":{"line":35,"column":4},"end":{"line":38,"column":null}},{"start":{},"end":{}}],"line":35},"5":{"loc":{"start":{"line":47,"column":4},"end":{"line":52,"column":null}},"type":"if","locations":[{"start":{"line":47,"column":4},"end":{"line":52,"column":null}},{"start":{},"end":{}}],"line":47},"6":{"loc":{"start":{"line":47,"column":8},"end":{"line":47,"column":24}},"type":"binary-expr","locations":[{"start":{"line":47,"column":8},"end":{"line":47,"column":17}},{"start":{"line":47,"column":17},"end":{"line":47,"column":24}}],"line":47},"7":{"loc":{"start":{"line":48,"column":6},"end":{"line":50,"column":null}},"type":"if","locations":[{"start":{"line":48,"column":6},"end":{"line":50,"column":null}},{"start":{},"end":{}}],"line":48},"8":{"loc":{"start":{"line":58,"column":6},"end":{"line":58,"column":null}},"type":"if","locations":[{"start":{"line":58,"column":6},"end":{"line":58,"column":null}},{"start":{},"end":{}}],"line":58},"9":{"loc":{"start":{"line":58,"column":10},"end":{"line":58,"column":93}},"type":"binary-expr","locations":[{"start":{"line":58,"column":10},"end":{"line":58,"column":27}},{"start":{"line":58,"column":27},"end":{"line":58,"column":64}},{"start":{"line":58,"column":64},"end":{"line":58,"column":93}}],"line":58},"10":{"loc":{"start":{"line":64,"column":18},"end":{"line":64,"column":null}},"type":"binary-expr","locations":[{"start":{"line":64,"column":18},"end":{"line":64,"column":51}},{"start":{"line":64,"column":51},"end":{"line":64,"column":null}}],"line":64},"11":{"loc":{"start":{"line":72,"column":4},"end":{"line":75,"column":null}},"type":"if","locations":[{"start":{"line":72,"column":4},"end":{"line":75,"column":null}},{"start":{},"end":{}}],"line":72},"12":{"loc":{"start":{"line":83,"column":4},"end":{"line":85,"column":null}},"type":"if","locations":[{"start":{"line":83,"column":4},"end":{"line":85,"column":null}},{"start":{},"end":{}}],"line":83},"13":{"loc":{"start":{"line":83,"column":8},"end":{"line":83,"column":43}},"type":"binary-expr","locations":[{"start":{"line":83,"column":8},"end":{"line":83,"column":18}},{"start":{"line":83,"column":18},"end":{"line":83,"column":26}},{"start":{"line":83,"column":26},"end":{"line":83,"column":43}}],"line":83},"14":{"loc":{"start":{"line":87,"column":4},"end":{"line":89,"column":null}},"type":"if","locations":[{"start":{"line":87,"column":4},"end":{"line":89,"column":null}},{"start":{},"end":{}}],"line":87},"15":{"loc":{"start":{"line":104,"column":46},"end":{"line":104,"column":93}},"type":"binary-expr","locations":[{"start":{"line":104,"column":46},"end":{"line":104,"column":89}},{"start":{"line":104,"column":89},"end":{"line":104,"column":93}}],"line":104},"16":{"loc":{"start":{"line":105,"column":6},"end":{"line":108,"column":null}},"type":"if","locations":[{"start":{"line":105,"column":6},"end":{"line":108,"column":null}},{"start":{},"end":{}}],"line":105},"17":{"loc":{"start":{"line":118,"column":4},"end":{"line":121,"column":null}},"type":"if","locations":[{"start":{"line":118,"column":4},"end":{"line":121,"column":null}},{"start":{},"end":{}}],"line":118},"18":{"loc":{"start":{"line":124,"column":31},"end":{"line":126,"column":null}},"type":"cond-expr","locations":[{"start":{"line":125,"column":8},"end":{"line":125,"column":null}},{"start":{"line":126,"column":8},"end":{"line":126,"column":null}}],"line":124},"19":{"loc":{"start":{"line":125,"column":38},"end":{"line":125,"column":82}},"type":"cond-expr","locations":[{"start":{"line":125,"column":70},"end":{"line":125,"column":77}},{"start":{"line":125,"column":77},"end":{"line":125,"column":82}}],"line":125},"20":{"loc":{"start":{"line":133,"column":4},"end":{"line":135,"column":null}},"type":"if","locations":[{"start":{"line":133,"column":4},"end":{"line":135,"column":null}},{"start":{},"end":{}}],"line":133},"21":{"loc":{"start":{"line":137,"column":22},"end":{"line":137,"column":null}},"type":"binary-expr","locations":[{"start":{"line":137,"column":22},"end":{"line":137,"column":35}},{"start":{"line":137,"column":35},"end":{"line":137,"column":null}}],"line":137}},"s":{"0":1,"1":5,"2":1,"3":4,"4":4,"5":4,"6":2,"7":2,"8":0,"9":1,"10":5,"11":1,"12":1,"13":4,"14":4,"15":1,"16":1,"17":1,"18":3,"19":3,"20":3,"21":6,"22":1,"23":5,"24":5,"25":3,"26":4,"27":1,"28":1,"29":3,"30":3,"31":1,"32":2,"33":0,"34":2,"35":2,"36":1,"37":4,"38":1,"39":2,"40":1,"41":1,"42":1,"43":1,"44":3,"45":1,"46":1,"47":2,"48":2,"49":0,"50":3,"51":2,"52":1,"53":2,"54":3},"f":{"0":5,"1":4,"2":4,"3":0,"4":5,"5":4,"6":2,"7":3,"8":0},"b":{"0":[1,4],"1":[1,3],"2":[2,2],"3":[0,0],"4":[1,4],"5":[1,3],"6":[4,3],"7":[1,0],"8":[1,5],"9":[6,6,5],"10":[5,0],"11":[1,3],"12":[1,2],"13":[3,3,3],"14":[0,2],"15":[1,0],"16":[1,3],"17":[1,2],"18":[2,0],"19":[0,0],"20":[1,1],"21":[2,1]},"meta":{"lastBranch":22,"lastFunction":9,"lastStatement":55,"seen":{"s:22:6:23:Infinity":0,"f:22:6:22:23":0,"s:23:2:23:Infinity":1,"b:23:18:23:27:23:27:23:Infinity":0,"b:23:43:23:54:23:54:23:Infinity":1,"s:25:6:31:Infinity":2,"f:25:6:25:32":1,"s:26:21:26:Infinity":3,"f:26:26:26:34":2,"s:26:42:26:85":4,"b:27:2:27:Infinity:undefined:undefined:undefined:undefined":2,"s:27:2:27:Infinity":5,"s:27:31:27:Infinity":6,"s:28:2:30:Infinity":7,"f:28:20:28:28":3,"s:29:4:29:Infinity":8,"b:29:65:29:72:29:72:29:Infinity":3,"s:33:32:145:Infinity":9,"f:34:26:34:33":4,"b:35:4:38:Infinity:undefined:undefined:undefined:undefined":4,"s:35:4:38:Infinity":10,"s:36:6:36:Infinity":11,"s:37:6:37:Infinity":12,"s:40:28:45:Infinity":13,"b:47:4:52:Infinity:undefined:undefined:undefined:undefined":5,"s:47:4:52:Infinity":14,"b:47:8:47:17:47:17:47:24":6,"b:48:6:50:Infinity:undefined:undefined:undefined:undefined":7,"s:48:6:50:Infinity":15,"s:49:8:49:Infinity":16,"s:51:6:51:Infinity":17,"s:54:17:54:Infinity":18,"s:55:32:55:Infinity":19,"s:57:4:66:Infinity":20,"b:58:6:58:Infinity:undefined:undefined:undefined:undefined":8,"s:58:6:58:Infinity":21,"b:58:10:58:27:58:27:58:64:58:64:58:93":9,"s:58:93:58:Infinity":22,"s:59:6:59:Infinity":23,"s:61:6:65:Infinity":24,"b:64:18:64:51:64:51:64:Infinity":10,"s:68:4:68:Infinity":25,"f:71:31:71:38":5,"b:72:4:75:Infinity:undefined:undefined:undefined:undefined":11,"s:72:4:75:Infinity":26,"s:73:6:73:Infinity":27,"s:74:6:74:Infinity":28,"s:77:28:81:Infinity":29,"b:83:4:85:Infinity:undefined:undefined:undefined:undefined":12,"s:83:4:85:Infinity":30,"b:83:8:83:18:83:18:83:26:83:26:83:43":13,"s:84:6:84:Infinity":31,"b:87:4:89:Infinity:undefined:undefined:undefined:undefined":14,"s:87:4:89:Infinity":32,"s:88:6:88:Infinity":33,"s:91:4:114:Infinity":34,"s:92:25:102:Infinity":35,"s:104:12:104:Infinity":36,"b:104:46:104:89:104:89:104:93":15,"b:105:6:108:Infinity:undefined:undefined:undefined:undefined":16,"s:105:6:108:Infinity":37,"s:106:24:106:Infinity":38,"f:106:31:106:36":6,"s:106:61:106:65":39,"s:107:8:107:Infinity":40,"s:110:6:110:Infinity":41,"s:112:6:112:Infinity":42,"s:113:6:113:Infinity":43,"f:117:22:117:29":7,"b:118:4:121:Infinity:undefined:undefined:undefined:undefined":17,"s:118:4:121:Infinity":44,"s:119:6:119:Infinity":45,"s:120:6:120:Infinity":46,"s:123:18:123:Infinity":47,"s:124:31:126:Infinity":48,"b:125:8:125:Infinity:126:8:126:Infinity":18,"f:125:14:125:22":8,"s:125:38:125:82":49,"b:125:70:125:77:125:77:125:82":19,"s:128:51:131:Infinity":50,"b:133:4:135:Infinity:undefined:undefined:undefined:undefined":20,"s:133:4:135:Infinity":51,"s:134:6:134:Infinity":52,"s:137:22:137:Infinity":53,"b:137:22:137:35:137:35:137:Infinity":21,"s:139:4:143:Infinity":54},"fnNames":{}}}
,"/Users/riyansh/stadiaos/src/services/opsService.ts": {"path":"/Users/riyansh/stadiaos/src/services/opsService.ts","statementMap":{"0":{"start":{"line":7,"column":6},"end":{"line":7,"column":null}},"1":{"start":{"line":7,"column":69},"end":{"line":7,"column":null}},"2":{"start":{"line":28,"column":26},"end":{"line":146,"column":null}},"3":{"start":{"line":30,"column":4},"end":{"line":30,"column":null}},"4":{"start":{"line":32,"column":4},"end":{"line":34,"column":null}},"5":{"start":{"line":33,"column":6},"end":{"line":33,"column":null}},"6":{"start":{"line":36,"column":59},"end":{"line":41,"column":null}},"7":{"start":{"line":43,"column":4},"end":{"line":45,"column":null}},"8":{"start":{"line":44,"column":6},"end":{"line":44,"column":null}},"9":{"start":{"line":47,"column":59},"end":{"line":51,"column":null}},"10":{"start":{"line":53,"column":4},"end":{"line":55,"column":null}},"11":{"start":{"line":54,"column":6},"end":{"line":54,"column":null}},"12":{"start":{"line":57,"column":18},"end":{"line":57,"column":null}},"13":{"start":{"line":58,"column":32},"end":{"line":58,"column":null}},"14":{"start":{"line":58,"column":52},"end":{"line":58,"column":94}},"15":{"start":{"line":60,"column":19},"end":{"line":60,"column":null}},"16":{"start":{"line":61,"column":37},"end":{"line":61,"column":null}},"17":{"start":{"line":61,"column":58},"end":{"line":61,"column":77}},"18":{"start":{"line":63,"column":4},"end":{"line":68,"column":null}},"19":{"start":{"line":72,"column":4},"end":{"line":72,"column":null}},"20":{"start":{"line":74,"column":4},"end":{"line":76,"column":null}},"21":{"start":{"line":75,"column":6},"end":{"line":75,"column":null}},"22":{"start":{"line":78,"column":23},"end":{"line":78,"column":null}},"23":{"start":{"line":79,"column":25},"end":{"line":79,"column":null}},"24":{"start":{"line":80,"column":4},"end":{"line":82,"column":null}},"25":{"start":{"line":81,"column":6},"end":{"line":81,"column":null}},"26":{"start":{"line":84,"column":22},"end":{"line":95,"column":null}},"27":{"start":{"line":97,"column":4},"end":{"line":100,"column":null}},"28":{"start":{"line":98,"column":6},"end":{"line":98,"column":null}},"29":{"start":{"line":99,"column":6},"end":{"line":99,"column":null}},"30":{"start":{"line":104,"column":4},"end":{"line":104,"column":null}},"31":{"start":{"line":106,"column":4},"end":{"line":109,"column":null}},"32":{"start":{"line":107,"column":6},"end":{"line":107,"column":null}},"33":{"start":{"line":108,"column":6},"end":{"line":108,"column":null}},"34":{"start":{"line":111,"column":28},"end":{"line":116,"column":null}},"35":{"start":{"line":118,"column":4},"end":{"line":121,"column":null}},"36":{"start":{"line":119,"column":6},"end":{"line":119,"column":null}},"37":{"start":{"line":120,"column":6},"end":{"line":120,"column":null}},"38":{"start":{"line":123,"column":4},"end":{"line":123,"column":null}},"39":{"start":{"line":127,"column":4},"end":{"line":127,"column":null}},"40":{"start":{"line":129,"column":4},"end":{"line":131,"column":null}},"41":{"start":{"line":130,"column":6},"end":{"line":130,"column":null}},"42":{"start":{"line":133,"column":18},"end":{"line":133,"column":null}},"43":{"start":{"line":134,"column":23},"end":{"line":134,"column":null}},"44":{"start":{"line":136,"column":47},"end":{"line":136,"column":null}},"45":{"start":{"line":137,"column":29},"end":{"line":139,"column":null}},"46":{"start":{"line":138,"column":16},"end":{"line":138,"column":null}},"47":{"start":{"line":141,"column":4},"end":{"line":144,"column":null}}},"fnMap":{"0":{"name":"(anonymous_0)","decl":{"start":{"line":7,"column":6},"end":{"line":7,"column":24}},"loc":{"start":{"line":7,"column":69},"end":{"line":7,"column":null}},"line":7},"1":{"name":"(anonymous_1)","decl":{"start":{"line":29,"column":30},"end":{"line":29,"column":37}},"loc":{"start":{"line":29,"column":79},"end":{"line":69,"column":null}},"line":29},"2":{"name":"(anonymous_2)","decl":{"start":{"line":58,"column":38},"end":{"line":58,"column":46}},"loc":{"start":{"line":58,"column":52},"end":{"line":58,"column":94}},"line":58},"3":{"name":"(anonymous_3)","decl":{"start":{"line":61,"column":44},"end":{"line":61,"column":52}},"loc":{"start":{"line":61,"column":58},"end":{"line":61,"column":77}},"line":61},"4":{"name":"(anonymous_4)","decl":{"start":{"line":71,"column":25},"end":{"line":71,"column":32}},"loc":{"start":{"line":71,"column":118},"end":{"line":101,"column":null}},"line":71},"5":{"name":"(anonymous_5)","decl":{"start":{"line":103,"column":25},"end":{"line":103,"column":32}},"loc":{"start":{"line":103,"column":79},"end":{"line":124,"column":null}},"line":103},"6":{"name":"(anonymous_6)","decl":{"start":{"line":126,"column":27},"end":{"line":126,"column":34}},"loc":{"start":{"line":126,"column":102},"end":{"line":145,"column":null}},"line":126},"7":{"name":"(anonymous_7)","decl":{"start":{"line":137,"column":45},"end":{"line":137,"column":null}},"loc":{"start":{"line":138,"column":16},"end":{"line":138,"column":null}},"line":138}},"branchMap":{"0":{"loc":{"start":{"line":7,"column":69},"end":{"line":7,"column":null}},"type":"binary-expr","locations":[{"start":{"line":7,"column":69},"end":{"line":7,"column":78}},{"start":{"line":7,"column":78},"end":{"line":7,"column":null}}],"line":7},"1":{"loc":{"start":{"line":32,"column":4},"end":{"line":34,"column":null}},"type":"if","locations":[{"start":{"line":32,"column":4},"end":{"line":34,"column":null}},{"start":{},"end":{}}],"line":32},"2":{"loc":{"start":{"line":43,"column":4},"end":{"line":45,"column":null}},"type":"if","locations":[{"start":{"line":43,"column":4},"end":{"line":45,"column":null}},{"start":{},"end":{}}],"line":43},"3":{"loc":{"start":{"line":53,"column":4},"end":{"line":55,"column":null}},"type":"if","locations":[{"start":{"line":53,"column":4},"end":{"line":55,"column":null}},{"start":{},"end":{}}],"line":53},"4":{"loc":{"start":{"line":58,"column":52},"end":{"line":58,"column":94}},"type":"binary-expr","locations":[{"start":{"line":58,"column":52},"end":{"line":58,"column":74}},{"start":{"line":58,"column":74},"end":{"line":58,"column":94}}],"line":58},"5":{"loc":{"start":{"line":74,"column":4},"end":{"line":76,"column":null}},"type":"if","locations":[{"start":{"line":74,"column":4},"end":{"line":76,"column":null}},{"start":{},"end":{}}],"line":74},"6":{"loc":{"start":{"line":74,"column":8},"end":{"line":74,"column":32}},"type":"binary-expr","locations":[{"start":{"line":74,"column":8},"end":{"line":74,"column":20}},{"start":{"line":74,"column":20},"end":{"line":74,"column":32}}],"line":74},"7":{"loc":{"start":{"line":80,"column":4},"end":{"line":82,"column":null}},"type":"if","locations":[{"start":{"line":80,"column":4},"end":{"line":82,"column":null}},{"start":{},"end":{}}],"line":80},"8":{"loc":{"start":{"line":80,"column":8},"end":{"line":80,"column":38}},"type":"binary-expr","locations":[{"start":{"line":80,"column":8},"end":{"line":80,"column":23}},{"start":{"line":80,"column":23},"end":{"line":80,"column":38}}],"line":80},"9":{"loc":{"start":{"line":97,"column":4},"end":{"line":100,"column":null}},"type":"if","locations":[{"start":{"line":97,"column":4},"end":{"line":100,"column":null}},{"start":{},"end":{}}],"line":97},"10":{"loc":{"start":{"line":106,"column":4},"end":{"line":109,"column":null}},"type":"if","locations":[{"start":{"line":106,"column":4},"end":{"line":109,"column":null}},{"start":{},"end":{}}],"line":106},"11":{"loc":{"start":{"line":118,"column":4},"end":{"line":121,"column":null}},"type":"if","locations":[{"start":{"line":118,"column":4},"end":{"line":121,"column":null}},{"start":{},"end":{}}],"line":118},"12":{"loc":{"start":{"line":123,"column":11},"end":{"line":123,"column":null}},"type":"binary-expr","locations":[{"start":{"line":123,"column":11},"end":{"line":123,"column":19}},{"start":{"line":123,"column":19},"end":{"line":123,"column":null}}],"line":123},"13":{"loc":{"start":{"line":129,"column":4},"end":{"line":131,"column":null}},"type":"if","locations":[{"start":{"line":129,"column":4},"end":{"line":131,"column":null}},{"start":{},"end":{}}],"line":129},"14":{"loc":{"start":{"line":129,"column":8},"end":{"line":129,"column":32}},"type":"binary-expr","locations":[{"start":{"line":129,"column":8},"end":{"line":129,"column":20}},{"start":{"line":129,"column":20},"end":{"line":129,"column":32}}],"line":129}},"s":{"0":1,"1":4,"2":1,"3":4,"4":3,"5":1,"6":2,"7":2,"8":0,"9":2,"10":2,"11":0,"12":2,"13":2,"14":3,"15":2,"16":2,"17":3,"18":2,"19":4,"20":3,"21":0,"22":3,"23":3,"24":3,"25":0,"26":3,"27":3,"28":1,"29":1,"30":0,"31":0,"32":0,"33":0,"34":0,"35":0,"36":0,"37":0,"38":0,"39":5,"40":4,"41":2,"42":2,"43":2,"44":1,"45":1,"46":4,"47":1},"f":{"0":4,"1":4,"2":3,"3":3,"4":4,"5":0,"6":5,"7":4},"b":{"0":[4,2],"1":[1,2],"2":[0,2],"3":[0,2],"4":[3,2],"5":[0,3],"6":[3,3],"7":[0,3],"8":[3,3],"9":[1,2],"10":[0,0],"11":[0,0],"12":[0,0],"13":[2,2],"14":[4,3]},"meta":{"lastBranch":15,"lastFunction":8,"lastStatement":48,"seen":{"s:7:6:7:Infinity":0,"f:7:6:7:24":0,"s:7:69:7:Infinity":1,"b:7:69:7:78:7:78:7:Infinity":0,"s:28:26:146:Infinity":2,"f:29:30:29:37":1,"s:30:4:30:Infinity":3,"b:32:4:34:Infinity:undefined:undefined:undefined:undefined":1,"s:32:4:34:Infinity":4,"s:33:6:33:Infinity":5,"s:36:59:41:Infinity":6,"b:43:4:45:Infinity:undefined:undefined:undefined:undefined":2,"s:43:4:45:Infinity":7,"s:44:6:44:Infinity":8,"s:47:59:51:Infinity":9,"b:53:4:55:Infinity:undefined:undefined:undefined:undefined":3,"s:53:4:55:Infinity":10,"s:54:6:54:Infinity":11,"s:57:18:57:Infinity":12,"s:58:32:58:Infinity":13,"f:58:38:58:46":2,"s:58:52:58:94":14,"b:58:52:58:74:58:74:58:94":4,"s:60:19:60:Infinity":15,"s:61:37:61:Infinity":16,"f:61:44:61:52":3,"s:61:58:61:77":17,"s:63:4:68:Infinity":18,"f:71:25:71:32":4,"s:72:4:72:Infinity":19,"b:74:4:76:Infinity:undefined:undefined:undefined:undefined":5,"s:74:4:76:Infinity":20,"b:74:8:74:20:74:20:74:32":6,"s:75:6:75:Infinity":21,"s:78:23:78:Infinity":22,"s:79:25:79:Infinity":23,"b:80:4:82:Infinity:undefined:undefined:undefined:undefined":7,"s:80:4:82:Infinity":24,"b:80:8:80:23:80:23:80:38":8,"s:81:6:81:Infinity":25,"s:84:22:95:Infinity":26,"b:97:4:100:Infinity:undefined:undefined:undefined:undefined":9,"s:97:4:100:Infinity":27,"s:98:6:98:Infinity":28,"s:99:6:99:Infinity":29,"f:103:25:103:32":5,"s:104:4:104:Infinity":30,"b:106:4:109:Infinity:undefined:undefined:undefined:undefined":10,"s:106:4:109:Infinity":31,"s:107:6:107:Infinity":32,"s:108:6:108:Infinity":33,"s:111:28:116:Infinity":34,"b:118:4:121:Infinity:undefined:undefined:undefined:undefined":11,"s:118:4:121:Infinity":35,"s:119:6:119:Infinity":36,"s:120:6:120:Infinity":37,"s:123:4:123:Infinity":38,"b:123:11:123:19:123:19:123:Infinity":12,"f:126:27:126:34":6,"s:127:4:127:Infinity":39,"b:129:4:131:Infinity:undefined:undefined:undefined:undefined":13,"s:129:4:131:Infinity":40,"b:129:8:129:20:129:20:129:32":14,"s:130:6:130:Infinity":41,"s:133:18:133:Infinity":42,"s:134:23:134:Infinity":43,"s:136:47:136:Infinity":44,"s:137:29:139:Infinity":45,"f:137:45:137:Infinity":7,"s:138:16:138:Infinity":46,"s:141:4:144:Infinity":47},"fnNames":{}}}
}
