{"/Users/riyansh/stadiaos/src/App.tsx": {"path":"/Users/riyansh/stadiaos/src/App.tsx","statementMap":{"0":{"start":{"line":13,"column":6},"end":{"line":13,"column":null}},"1":{"start":{"line":13,"column":30},"end":{"line":13,"column":null}},"2":{"start":{"line":13,"column":89},"end":{"line":13,"column":null}},"3":{"start":{"line":14,"column":6},"end":{"line":14,"column":null}},"4":{"start":{"line":14,"column":32},"end":{"line":14,"column":null}},"5":{"start":{"line":14,"column":78},"end":{"line":14,"column":null}},"6":{"start":{"line":15,"column":6},"end":{"line":15,"column":null}},"7":{"start":{"line":15,"column":34},"end":{"line":15,"column":null}},"8":{"start":{"line":15,"column":93},"end":{"line":15,"column":null}},"9":{"start":{"line":16,"column":6},"end":{"line":16,"column":null}},"10":{"start":{"line":16,"column":27},"end":{"line":16,"column":null}},"11":{"start":{"line":16,"column":68},"end":{"line":16,"column":null}},"12":{"start":{"line":17,"column":6},"end":{"line":17,"column":null}},"13":{"start":{"line":17,"column":31},"end":{"line":17,"column":null}},"14":{"start":{"line":17,"column":76},"end":{"line":17,"column":null}},"15":{"start":{"line":18,"column":6},"end":{"line":18,"column":null}},"16":{"start":{"line":18,"column":35},"end":{"line":18,"column":null}},"17":{"start":{"line":18,"column":84},"end":{"line":18,"column":null}},"18":{"start":{"line":19,"column":6},"end":{"line":19,"column":null}},"19":{"start":{"line":19,"column":40},"end":{"line":19,"column":null}},"20":{"start":{"line":19,"column":94},"end":{"line":19,"column":null}},"21":{"start":{"line":20,"column":6},"end":{"line":20,"column":null}},"22":{"start":{"line":20,"column":34},"end":{"line":20,"column":null}},"23":{"start":{"line":20,"column":82},"end":{"line":20,"column":null}},"24":{"start":{"line":21,"column":6},"end":{"line":21,"column":null}},"25":{"start":{"line":21,"column":37},"end":{"line":21,"column":null}},"26":{"start":{"line":21,"column":88},"end":{"line":21,"column":null}},"27":{"start":{"line":22,"column":6},"end":{"line":22,"column":null}},"28":{"start":{"line":22,"column":33},"end":{"line":22,"column":null}},"29":{"start":{"line":22,"column":80},"end":{"line":22,"column":null}},"30":{"start":{"line":23,"column":6},"end":{"line":23,"column":null}},"31":{"start":{"line":23,"column":37},"end":{"line":23,"column":null}},"32":{"start":{"line":23,"column":88},"end":{"line":23,"column":null}},"33":{"start":{"line":24,"column":6},"end":{"line":24,"column":null}},"34":{"start":{"line":24,"column":35},"end":{"line":24,"column":null}},"35":{"start":{"line":24,"column":84},"end":{"line":24,"column":null}},"36":{"start":{"line":25,"column":6},"end":{"line":25,"column":null}},"37":{"start":{"line":25,"column":34},"end":{"line":25,"column":null}},"38":{"start":{"line":25,"column":82},"end":{"line":25,"column":null}},"39":{"start":{"line":26,"column":6},"end":{"line":26,"column":null}},"40":{"start":{"line":26,"column":35},"end":{"line":26,"column":null}},"41":{"start":{"line":26,"column":84},"end":{"line":26,"column":null}},"42":{"start":{"line":27,"column":6},"end":{"line":27,"column":null}},"43":{"start":{"line":27,"column":38},"end":{"line":27,"column":null}},"44":{"start":{"line":27,"column":90},"end":{"line":27,"column":null}},"45":{"start":{"line":28,"column":6},"end":{"line":28,"column":null}},"46":{"start":{"line":28,"column":33},"end":{"line":28,"column":null}},"47":{"start":{"line":28,"column":80},"end":{"line":28,"column":null}},"48":{"start":{"line":29,"column":6},"end":{"line":29,"column":null}},"49":{"start":{"line":29,"column":47},"end":{"line":29,"column":null}},"50":{"start":{"line":29,"column":108},"end":{"line":29,"column":null}},"51":{"start":{"line":30,"column":6},"end":{"line":30,"column":null}},"52":{"start":{"line":30,"column":35},"end":{"line":30,"column":null}},"53":{"start":{"line":30,"column":84},"end":{"line":30,"column":null}},"54":{"start":{"line":31,"column":6},"end":{"line":31,"column":null}},"55":{"start":{"line":31,"column":32},"end":{"line":31,"column":null}},"56":{"start":{"line":31,"column":78},"end":{"line":31,"column":null}},"57":{"start":{"line":32,"column":6},"end":{"line":32,"column":null}},"58":{"start":{"line":32,"column":28},"end":{"line":32,"column":null}},"59":{"start":{"line":32,"column":71},"end":{"line":32,"column":null}},"60":{"start":{"line":33,"column":6},"end":{"line":33,"column":null}},"61":{"start":{"line":33,"column":34},"end":{"line":33,"column":null}},"62":{"start":{"line":33,"column":83},"end":{"line":33,"column":null}},"63":{"start":{"line":34,"column":6},"end":{"line":34,"column":null}},"64":{"start":{"line":34,"column":35},"end":{"line":34,"column":null}},"65":{"start":{"line":34,"column":84},"end":{"line":34,"column":null}},"66":{"start":{"line":35,"column":6},"end":{"line":35,"column":null}},"67":{"start":{"line":35,"column":31},"end":{"line":35,"column":null}},"68":{"start":{"line":35,"column":77},"end":{"line":35,"column":null}},"69":{"start":{"line":37,"column":31},"end":{"line":41,"column":null}},"70":{"start":{"line":44,"column":2},"end":{"line":53,"column":null}},"71":{"start":{"line":61,"column":33},"end":{"line":61,"column":null}},"72":{"start":{"line":62,"column":18},"end":{"line":62,"column":null}},"73":{"start":{"line":63,"column":8},"end":{"line":63,"column":null}},"74":{"start":{"line":65,"column":2},"end":{"line":67,"column":null}},"75":{"start":{"line":66,"column":4},"end":{"line":66,"column":null}},"76":{"start":{"line":69,"column":2},"end":{"line":71,"column":null}},"77":{"start":{"line":70,"column":4},"end":{"line":70,"column":null}},"78":{"start":{"line":73,"column":2},"end":{"line":75,"column":null}},"79":{"start":{"line":74,"column":4},"end":{"line":74,"column":null}},"80":{"start":{"line":78,"column":2},"end":{"line":80,"column":null}},"81":{"start":{"line":79,"column":4},"end":{"line":79,"column":null}},"82":{"start":{"line":82,"column":2},"end":{"line":82,"column":null}},"83":{"start":{"line":88,"column":33},"end":{"line":88,"column":null}},"84":{"start":{"line":90,"column":2},"end":{"line":92,"column":null}},"85":{"start":{"line":91,"column":4},"end":{"line":91,"column":null}},"86":{"start":{"line":94,"column":2},"end":{"line":96,"column":null}},"87":{"start":{"line":95,"column":4},"end":{"line":95,"column":null}},"88":{"start":{"line":97,"column":2},"end":{"line":97,"column":null}},"89":{"start":{"line":102,"column":2},"end":{"line":106,"column":null}},"90":{"start":{"line":111,"column":8},"end":{"line":111,"column":null}},"91":{"start":{"line":113,"column":2},"end":{"line":161,"column":null}},"92":{"start":{"line":166,"column":8},"end":{"line":166,"column":null}},"93":{"start":{"line":166,"column":40},"end":{"line":166,"column":54}},"94":{"start":{"line":167,"column":8},"end":{"line":167,"column":null}},"95":{"start":{"line":167,"column":41},"end":{"line":167,"column":56}},"96":{"start":{"line":168,"column":8},"end":{"line":168,"column":null}},"97":{"start":{"line":168,"column":36},"end":{"line":168,"column":45}},"98":{"start":{"line":169,"column":10},"end":{"line":169,"column":null}},"99":{"start":{"line":170,"column":41},"end":{"line":170,"column":null}},"100":{"start":{"line":172,"column":2},"end":{"line":175,"column":null}},"101":{"start":{"line":173,"column":4},"end":{"line":173,"column":null}},"102":{"start":{"line":174,"column":4},"end":{"line":174,"column":null}},"103":{"start":{"line":177,"column":2},"end":{"line":190,"column":null}},"104":{"start":{"line":187,"column":4},"end":{"line":189,"column":null}},"105":{"start":{"line":188,"column":6},"end":{"line":188,"column":null}},"106":{"start":{"line":192,"column":2},"end":{"line":210,"column":null}}},"fnMap":{"0":{"name":"(anonymous_0)","decl":{"start":{"line":13,"column":19},"end":{"line":13,"column":30}},"loc":{"start":{"line":13,"column":30},"end":{"line":13,"column":null}},"line":13},"1":{"name":"(anonymous_1)","decl":{"start":{"line":13,"column":81},"end":{"line":13,"column":87}},"loc":{"start":{"line":13,"column":89},"end":{"line":13,"column":null}},"line":13},"2":{"name":"(anonymous_2)","decl":{"start":{"line":14,"column":21},"end":{"line":14,"column":32}},"loc":{"start":{"line":14,"column":32},"end":{"line":14,"column":null}},"line":14},"3":{"name":"(anonymous_3)","decl":{"start":{"line":14,"column":70},"end":{"line":14,"column":76}},"loc":{"start":{"line":14,"column":78},"end":{"line":14,"column":null}},"line":14},"4":{"name":"(anonymous_4)","decl":{"start":{"line":15,"column":23},"end":{"line":15,"column":34}},"loc":{"start":{"line":15,"column":34},"end":{"line":15,"column":null}},"line":15},"5":{"name":"(anonymous_5)","decl":{"start":{"line":15,"column":85},"end":{"line":15,"column":91}},"loc":{"start":{"line":15,"column":93},"end":{"line":15,"column":null}},"line":15},"6":{"name":"(anonymous_6)","decl":{"start":{"line":16,"column":16},"end":{"line":16,"column":27}},"loc":{"start":{"line":16,"column":27},"end":{"line":16,"column":null}},"line":16},"7":{"name":"(anonymous_7)","decl":{"start":{"line":16,"column":60},"end":{"line":16,"column":66}},"loc":{"start":{"line":16,"column":68},"end":{"line":16,"column":null}},"line":16},"8":{"name":"(anonymous_8)","decl":{"start":{"line":17,"column":20},"end":{"line":17,"column":31}},"loc":{"start":{"line":17,"column":31},"end":{"line":17,"column":null}},"line":17},"9":{"name":"(anonymous_9)","decl":{"start":{"line":17,"column":68},"end":{"line":17,"column":74}},"loc":{"start":{"line":17,"column":76},"end":{"line":17,"column":null}},"line":17},"10":{"name":"(anonymous_10)","decl":{"start":{"line":18,"column":24},"end":{"line":18,"column":35}},"loc":{"start":{"line":18,"column":35},"end":{"line":18,"column":null}},"line":18},"11":{"name":"(anonymous_11)","decl":{"start":{"line":18,"column":76},"end":{"line":18,"column":82}},"loc":{"start":{"line":18,"column":84},"end":{"line":18,"column":null}},"line":18},"12":{"name":"(anonymous_12)","decl":{"start":{"line":19,"column":29},"end":{"line":19,"column":40}},"loc":{"start":{"line":19,"column":40},"end":{"line":19,"column":null}},"line":19},"13":{"name":"(anonymous_13)","decl":{"start":{"line":19,"column":86},"end":{"line":19,"column":92}},"loc":{"start":{"line":19,"column":94},"end":{"line":19,"column":null}},"line":19},"14":{"name":"(anonymous_14)","decl":{"start":{"line":20,"column":23},"end":{"line":20,"column":34}},"loc":{"start":{"line":20,"column":34},"end":{"line":20,"column":null}},"line":20},"15":{"name":"(anonymous_15)","decl":{"start":{"line":20,"column":74},"end":{"line":20,"column":80}},"loc":{"start":{"line":20,"column":82},"end":{"line":20,"column":null}},"line":20},"16":{"name":"(anonymous_16)","decl":{"start":{"line":21,"column":26},"end":{"line":21,"column":37}},"loc":{"start":{"line":21,"column":37},"end":{"line":21,"column":null}},"line":21},"17":{"name":"(anonymous_17)","decl":{"start":{"line":21,"column":80},"end":{"line":21,"column":86}},"loc":{"start":{"line":21,"column":88},"end":{"line":21,"column":null}},"line":21},"18":{"name":"(anonymous_18)","decl":{"start":{"line":22,"column":22},"end":{"line":22,"column":33}},"loc":{"start":{"line":22,"column":33},"end":{"line":22,"column":null}},"line":22},"19":{"name":"(anonymous_19)","decl":{"start":{"line":22,"column":72},"end":{"line":22,"column":78}},"loc":{"start":{"line":22,"column":80},"end":{"line":22,"column":null}},"line":22},"20":{"name":"(anonymous_20)","decl":{"start":{"line":23,"column":26},"end":{"line":23,"column":37}},"loc":{"start":{"line":23,"column":37},"end":{"line":23,"column":null}},"line":23},"21":{"name":"(anonymous_21)","decl":{"start":{"line":23,"column":80},"end":{"line":23,"column":86}},"loc":{"start":{"line":23,"column":88},"end":{"line":23,"column":null}},"line":23},"22":{"name":"(anonymous_22)","decl":{"start":{"line":24,"column":24},"end":{"line":24,"column":35}},"loc":{"start":{"line":24,"column":35},"end":{"line":24,"column":null}},"line":24},"23":{"name":"(anonymous_23)","decl":{"start":{"line":24,"column":76},"end":{"line":24,"column":82}},"loc":{"start":{"line":24,"column":84},"end":{"line":24,"column":null}},"line":24},"24":{"name":"(anonymous_24)","decl":{"start":{"line":25,"column":23},"end":{"line":25,"column":34}},"loc":{"start":{"line":25,"column":34},"end":{"line":25,"column":null}},"line":25},"25":{"name":"(anonymous_25)","decl":{"start":{"line":25,"column":74},"end":{"line":25,"column":80}},"loc":{"start":{"line":25,"column":82},"end":{"line":25,"column":null}},"line":25},"26":{"name":"(anonymous_26)","decl":{"start":{"line":26,"column":24},"end":{"line":26,"column":35}},"loc":{"start":{"line":26,"column":35},"end":{"line":26,"column":null}},"line":26},"27":{"name":"(anonymous_27)","decl":{"start":{"line":26,"column":76},"end":{"line":26,"column":82}},"loc":{"start":{"line":26,"column":84},"end":{"line":26,"column":null}},"line":26},"28":{"name":"(anonymous_28)","decl":{"start":{"line":27,"column":27},"end":{"line":27,"column":38}},"loc":{"start":{"line":27,"column":38},"end":{"line":27,"column":null}},"line":27},"29":{"name":"(anonymous_29)","decl":{"start":{"line":27,"column":82},"end":{"line":27,"column":88}},"loc":{"start":{"line":27,"column":90},"end":{"line":27,"column":null}},"line":27},"30":{"name":"(anonymous_30)","decl":{"start":{"line":28,"column":22},"end":{"line":28,"column":33}},"loc":{"start":{"line":28,"column":33},"end":{"line":28,"column":null}},"line":28},"31":{"name":"(anonymous_31)","decl":{"start":{"line":28,"column":72},"end":{"line":28,"column":78}},"loc":{"start":{"line":28,"column":80},"end":{"line":28,"column":null}},"line":28},"32":{"name":"(anonymous_32)","decl":{"start":{"line":29,"column":36},"end":{"line":29,"column":47}},"loc":{"start":{"line":29,"column":47},"end":{"line":29,"column":null}},"line":29},"33":{"name":"(anonymous_33)","decl":{"start":{"line":29,"column":100},"end":{"line":29,"column":106}},"loc":{"start":{"line":29,"column":108},"end":{"line":29,"column":null}},"line":29},"34":{"name":"(anonymous_34)","decl":{"start":{"line":30,"column":24},"end":{"line":30,"column":35}},"loc":{"start":{"line":30,"column":35},"end":{"line":30,"column":null}},"line":30},"35":{"name":"(anonymous_35)","decl":{"start":{"line":30,"column":76},"end":{"line":30,"column":82}},"loc":{"start":{"line":30,"column":84},"end":{"line":30,"column":null}},"line":30},"36":{"name":"(anonymous_36)","decl":{"start":{"line":31,"column":21},"end":{"line":31,"column":32}},"loc":{"start":{"line":31,"column":32},"end":{"line":31,"column":null}},"line":31},"37":{"name":"(anonymous_37)","decl":{"start":{"line":31,"column":70},"end":{"line":31,"column":76}},"loc":{"start":{"line":31,"column":78},"end":{"line":31,"column":null}},"line":31},"38":{"name":"(anonymous_38)","decl":{"start":{"line":32,"column":17},"end":{"line":32,"column":28}},"loc":{"start":{"line":32,"column":28},"end":{"line":32,"column":null}},"line":32},"39":{"name":"(anonymous_39)","decl":{"start":{"line":32,"column":63},"end":{"line":32,"column":69}},"loc":{"start":{"line":32,"column":71},"end":{"line":32,"column":null}},"line":32},"40":{"name":"(anonymous_40)","decl":{"start":{"line":33,"column":23},"end":{"line":33,"column":34}},"loc":{"start":{"line":33,"column":34},"end":{"line":33,"column":null}},"line":33},"41":{"name":"(anonymous_41)","decl":{"start":{"line":33,"column":75},"end":{"line":33,"column":81}},"loc":{"start":{"line":33,"column":83},"end":{"line":33,"column":null}},"line":33},"42":{"name":"(anonymous_42)","decl":{"start":{"line":34,"column":24},"end":{"line":34,"column":35}},"loc":{"start":{"line":34,"column":35},"end":{"line":34,"column":null}},"line":34},"43":{"name":"(anonymous_43)","decl":{"start":{"line":34,"column":76},"end":{"line":34,"column":82}},"loc":{"start":{"line":34,"column":84},"end":{"line":34,"column":null}},"line":34},"44":{"name":"(anonymous_44)","decl":{"start":{"line":35,"column":20},"end":{"line":35,"column":31}},"loc":{"start":{"line":35,"column":31},"end":{"line":35,"column":null}},"line":35},"45":{"name":"(anonymous_45)","decl":{"start":{"line":35,"column":69},"end":{"line":35,"column":75}},"loc":{"start":{"line":35,"column":77},"end":{"line":35,"column":null}},"line":35},"46":{"name":"PageWrapper","decl":{"start":{"line":43,"column":9},"end":{"line":43,"column":21}},"loc":{"start":{"line":43,"column":66},"end":{"line":55,"column":null}},"line":43},"47":{"name":"ProtectedFanRoute","decl":{"start":{"line":60,"column":9},"end":{"line":60,"column":29}},"loc":{"start":{"line":60,"column":29},"end":{"line":83,"column":null}},"line":60},"48":{"name":"ProtectedOpsRoute","decl":{"start":{"line":87,"column":9},"end":{"line":87,"column":29}},"loc":{"start":{"line":87,"column":29},"end":{"line":98,"column":null}},"line":87},"49":{"name":"FanLayout","decl":{"start":{"line":101,"column":9},"end":{"line":101,"column":21}},"loc":{"start":{"line":101,"column":21},"end":{"line":108,"column":null}},"line":101},"50":{"name":"AnimatedRoutes","decl":{"start":{"line":110,"column":9},"end":{"line":110,"column":26}},"loc":{"start":{"line":110,"column":26},"end":{"line":163,"column":null}},"line":110},"51":{"name":"App","decl":{"start":{"line":165,"column":9},"end":{"line":165,"column":15}},"loc":{"start":{"line":165,"column":15},"end":{"line":212,"column":null}},"line":165},"52":{"name":"(anonymous_52)","decl":{"start":{"line":166,"column":23},"end":{"line":166,"column":35}},"loc":{"start":{"line":166,"column":40},"end":{"line":166,"column":54}},"line":166},"53":{"name":"(anonymous_53)","decl":{"start":{"line":167,"column":24},"end":{"line":167,"column":36}},"loc":{"start":{"line":167,"column":41},"end":{"line":167,"column":56}},"line":167},"54":{"name":"(anonymous_54)","decl":{"start":{"line":168,"column":19},"end":{"line":168,"column":31}},"loc":{"start":{"line":168,"column":36},"end":{"line":168,"column":45}},"line":168},"55":{"name":"(anonymous_55)","decl":{"start":{"line":172,"column":2},"end":{"line":172,"column":18}},"loc":{"start":{"line":172,"column":18},"end":{"line":175,"column":5}},"line":172},"56":{"name":"(anonymous_56)","decl":{"start":{"line":177,"column":2},"end":{"line":177,"column":18}},"loc":{"start":{"line":177,"column":18},"end":{"line":190,"column":5}},"line":177}},"branchMap":{"0":{"loc":{"start":{"line":65,"column":2},"end":{"line":67,"column":null}},"type":"if","locations":[{"start":{"line":65,"column":2},"end":{"line":67,"column":null}},{"start":{},"end":{}}],"line":65},"1":{"loc":{"start":{"line":69,"column":2},"end":{"line":71,"column":null}},"type":"if","locations":[{"start":{"line":69,"column":2},"end":{"line":71,"column":null}},{"start":{},"end":{}}],"line":69},"2":{"loc":{"start":{"line":69,"column":6},"end":{"line":69,"column":33}},"type":"binary-expr","locations":[{"start":{"line":69,"column":6},"end":{"line":69,"column":17}},{"start":{"line":69,"column":17},"end":{"line":69,"column":33}}],"line":69},"3":{"loc":{"start":{"line":73,"column":2},"end":{"line":75,"column":null}},"type":"if","locations":[{"start":{"line":73,"column":2},"end":{"line":75,"column":null}},{"start":{},"end":{}}],"line":73},"4":{"loc":{"start":{"line":78,"column":2},"end":{"line":80,"column":null}},"type":"if","locations":[{"start":{"line":78,"column":2},"end":{"line":80,"column":null}},{"start":{},"end":{}}],"line":78},"5":{"loc":{"start":{"line":78,"column":6},"end":{"line":78,"column":56}},"type":"binary-expr","locations":[{"start":{"line":78,"column":6},"end":{"line":78,"column":17}},{"start":{"line":78,"column":17},"end":{"line":78,"column":56}}],"line":78},"6":{"loc":{"start":{"line":90,"column":2},"end":{"line":92,"column":null}},"type":"if","locations":[{"start":{"line":90,"column":2},"end":{"line":92,"column":null}},{"start":{},"end":{}}],"line":90},"7":{"loc":{"start":{"line":94,"column":2},"end":{"line":96,"column":null}},"type":"if","locations":[{"start":{"line":94,"column":2},"end":{"line":96,"column":null}},{"start":{},"end":{}}],"line":94},"8":{"loc":{"start":{"line":94,"column":6},"end":{"line":94,"column":41}},"type":"binary-expr","locations":[{"start":{"line":94,"column":6},"end":{"line":94,"column":17}},{"start":{"line":94,"column":17},"end":{"line":94,"column":41}}],"line":94},"9":{"loc":{"start":{"line":187,"column":4},"end":{"line":189,"column":null}},"type":"if","locations":[{"start":{"line":187,"column":4},"end":{"line":189,"column":null}},{"start":{},"end":{}}],"line":187},"10":{"loc":{"start":{"line":187,"column":8},"end":{"line":187,"column":34}},"type":"binary-expr","locations":[{"start":{"line":187,"column":8},"end":{"line":187,"column":18}},{"start":{"line":187,"column":18},"end":{"line":187,"column":34}}],"line":187}},"s":{"0":1,"1":0,"2":0,"3":1,"4":0,"5":0,"6":1,"7":0,"8":0,"9":1,"10":0,"11":0,"12":1,"13":0,"14":0,"15":1,"16":0,"17":0,"18":1,"19":0,"20":0,"21":1,"22":0,"23":0,"24":1,"25":0,"26":0,"27":1,"28":0,"29":0,"30":1,"31":0,"32":0,"33":1,"34":0,"35":0,"36":1,"37":0,"38":0,"39":1,"40":0,"41":0,"42":1,"43":0,"44":0,"45":1,"46":0,"47":0,"48":1,"49":0,"50":0,"51":1,"52":0,"53":0,"54":1,"55":0,"56":0,"57":1,"58":1,"59":1,"60":1,"61":0,"62":0,"63":1,"64":0,"65":0,"66":1,"67":1,"68":1,"69":1,"70":0,"71":2,"72":2,"73":2,"74":2,"75":1,"76":1,"77":1,"78":0,"79":0,"80":0,"81":0,"82":0,"83":2,"84":2,"85":0,"86":2,"87":2,"88":0,"89":0,"90":9,"91":9,"92":4,"93":4,"94":4,"95":4,"96":4,"97":4,"98":4,"99":4,"100":4,"101":4,"102":4,"103":4,"104":4,"105":1,"106":4},"f":{"0":0,"1":0,"2":0,"3":0,"4":0,"5":0,"6":0,"7":0,"8":0,"9":0,"10":0,"11":0,"12":0,"13":0,"14":0,"15":0,"16":0,"17":0,"18":0,"19":0,"20":0,"21":0,"22":0,"23":0,"24":0,"25":0,"26":0,"27":0,"28":0,"29":0,"30":0,"31":0,"32":0,"33":0,"34":0,"35":0,"36":0,"37":0,"38":1,"39":1,"40":0,"41":0,"42":0,"43":0,"44":1,"45":1,"46":0,"47":2,"48":2,"49":0,"50":9,"51":4,"52":4,"53":4,"54":4,"55":4,"56":4},"b":{"0":[1,1],"1":[1,0],"2":[1,0],"3":[0,0],"4":[0,0],"5":[0,0],"6":[0,2],"7":[2,0],"8":[2,1],"9":[1,3],"10":[4,1]},"meta":{"lastBranch":11,"lastFunction":57,"lastStatement":107,"seen":{"s:13:6:13:Infinity":0,"f:13:19:13:30":0,"s:13:30:13:Infinity":1,"f:13:81:13:87":1,"s:13:89:13:Infinity":2,"s:14:6:14:Infinity":3,"f:14:21:14:32":2,"s:14:32:14:Infinity":4,"f:14:70:14:76":3,"s:14:78:14:Infinity":5,"s:15:6:15:Infinity":6,"f:15:23:15:34":4,"s:15:34:15:Infinity":7,"f:15:85:15:91":5,"s:15:93:15:Infinity":8,"s:16:6:16:Infinity":9,"f:16:16:16:27":6,"s:16:27:16:Infinity":10,"f:16:60:16:66":7,"s:16:68:16:Infinity":11,"s:17:6:17:Infinity":12,"f:17:20:17:31":8,"s:17:31:17:Infinity":13,"f:17:68:17:74":9,"s:17:76:17:Infinity":14,"s:18:6:18:Infinity":15,"f:18:24:18:35":10,"s:18:35:18:Infinity":16,"f:18:76:18:82":11,"s:18:84:18:Infinity":17,"s:19:6:19:Infinity":18,"f:19:29:19:40":12,"s:19:40:19:Infinity":19,"f:19:86:19:92":13,"s:19:94:19:Infinity":20,"s:20:6:20:Infinity":21,"f:20:23:20:34":14,"s:20:34:20:Infinity":22,"f:20:74:20:80":15,"s:20:82:20:Infinity":23,"s:21:6:21:Infinity":24,"f:21:26:21:37":16,"s:21:37:21:Infinity":25,"f:21:80:21:86":17,"s:21:88:21:Infinity":26,"s:22:6:22:Infinity":27,"f:22:22:22:33":18,"s:22:33:22:Infinity":28,"f:22:72:22:78":19,"s:22:80:22:Infinity":29,"s:23:6:23:Infinity":30,"f:23:26:23:37":20,"s:23:37:23:Infinity":31,"f:23:80:23:86":21,"s:23:88:23:Infinity":32,"s:24:6:24:Infinity":33,"f:24:24:24:35":22,"s:24:35:24:Infinity":34,"f:24:76:24:82":23,"s:24:84:24:Infinity":35,"s:25:6:25:Infinity":36,"f:25:23:25:34":24,"s:25:34:25:Infinity":37,"f:25:74:25:80":25,"s:25:82:25:Infinity":38,"s:26:6:26:Infinity":39,"f:26:24:26:35":26,"s:26:35:26:Infinity":40,"f:26:76:26:82":27,"s:26:84:26:Infinity":41,"s:27:6:27:Infinity":42,"f:27:27:27:38":28,"s:27:38:27:Infinity":43,"f:27:82:27:88":29,"s:27:90:27:Infinity":44,"s:28:6:28:Infinity":45,"f:28:22:28:33":30,"s:28:33:28:Infinity":46,"f:28:72:28:78":31,"s:28:80:28:Infinity":47,"s:29:6:29:Infinity":48,"f:29:36:29:47":32,"s:29:47:29:Infinity":49,"f:29:100:29:106":33,"s:29:108:29:Infinity":50,"s:30:6:30:Infinity":51,"f:30:24:30:35":34,"s:30:35:30:Infinity":52,"f:30:76:30:82":35,"s:30:84:30:Infinity":53,"s:31:6:31:Infinity":54,"f:31:21:31:32":36,"s:31:32:31:Infinity":55,"f:31:70:31:76":37,"s:31:78:31:Infinity":56,"s:32:6:32:Infinity":57,"f:32:17:32:28":38,"s:32:28:32:Infinity":58,"f:32:63:32:69":39,"s:32:71:32:Infinity":59,"s:33:6:33:Infinity":60,"f:33:23:33:34":40,"s:33:34:33:Infinity":61,"f:33:75:33:81":41,"s:33:83:33:Infinity":62,"s:34:6:34:Infinity":63,"f:34:24:34:35":42,"s:34:35:34:Infinity":64,"f:34:76:34:82":43,"s:34:84:34:Infinity":65,"s:35:6:35:Infinity":66,"f:35:20:35:31":44,"s:35:31:35:Infinity":67,"f:35:69:35:75":45,"s:35:77:35:Infinity":68,"s:37:31:41:Infinity":69,"f:43:9:43:21":46,"s:44:2:53:Infinity":70,"f:60:9:60:29":47,"s:61:33:61:Infinity":71,"s:62:18:62:Infinity":72,"s:63:8:63:Infinity":73,"b:65:2:67:Infinity:undefined:undefined:undefined:undefined":0,"s:65:2:67:Infinity":74,"s:66:4:66:Infinity":75,"b:69:2:71:Infinity:undefined:undefined:undefined:undefined":1,"s:69:2:71:Infinity":76,"b:69:6:69:17:69:17:69:33":2,"s:70:4:70:Infinity":77,"b:73:2:75:Infinity:undefined:undefined:undefined:undefined":3,"s:73:2:75:Infinity":78,"s:74:4:74:Infinity":79,"b:78:2:80:Infinity:undefined:undefined:undefined:undefined":4,"s:78:2:80:Infinity":80,"b:78:6:78:17:78:17:78:56":5,"s:79:4:79:Infinity":81,"s:82:2:82:Infinity":82,"f:87:9:87:29":48,"s:88:33:88:Infinity":83,"b:90:2:92:Infinity:undefined:undefined:undefined:undefined":6,"s:90:2:92:Infinity":84,"s:91:4:91:Infinity":85,"b:94:2:96:Infinity:undefined:undefined:undefined:undefined":7,"s:94:2:96:Infinity":86,"b:94:6:94:17:94:17:94:41":8,"s:95:4:95:Infinity":87,"s:97:2:97:Infinity":88,"f:101:9:101:21":49,"s:102:2:106:Infinity":89,"f:110:9:110:26":50,"s:111:8:111:Infinity":90,"s:113:2:161:Infinity":91,"f:165:9:165:15":51,"s:166:8:166:Infinity":92,"f:166:23:166:35":52,"s:166:40:166:54":93,"s:167:8:167:Infinity":94,"f:167:24:167:36":53,"s:167:41:167:56":95,"s:168:8:168:Infinity":96,"f:168:19:168:31":54,"s:168:36:168:45":97,"s:169:10:169:Infinity":98,"s:170:41:170:Infinity":99,"s:172:2:175:Infinity":100,"f:172:2:172:18":55,"s:173:4:173:Infinity":101,"s:174:4:174:Infinity":102,"s:177:2:190:Infinity":103,"f:177:2:177:18":56,"b:187:4:189:Infinity:undefined:undefined:undefined:undefined":9,"s:187:4:189:Infinity":104,"b:187:8:187:18:187:18:187:34":10,"s:188:6:188:Infinity":105,"s:192:2:210:Infinity":106},"fnNames":{}}}
,"/Users/riyansh/stadiaos/src/app/fan/TicketSetupView.tsx": {"path":"/Users/riyansh/stadiaos/src/app/fan/TicketSetupView.tsx","statementMap":{"0":{"start":{"line":15,"column":8},"end":{"line":15,"column":null}},"1":{"start":{"line":16,"column":18},"end":{"line":16,"column":null}},"2":{"start":{"line":17,"column":8},"end":{"line":17,"column":null}},"3":{"start":{"line":17,"column":41},"end":{"line":17,"column":56}},"4":{"start":{"line":19,"column":30},"end":{"line":19,"column":null}},"5":{"start":{"line":20,"column":26},"end":{"line":20,"column":null}},"6":{"start":{"line":21,"column":14},"end":{"line":21,"column":null}},"7":{"start":{"line":22,"column":15},"end":{"line":22,"column":null}},"8":{"start":{"line":24,"column":23},"end":{"line":24,"column":null}},"9":{"start":{"line":26,"column":15},"end":{"line":26,"column":null}},"10":{"start":{"line":27,"column":18},"end":{"line":27,"column":null}},"11":{"start":{"line":28,"column":22},"end":{"line":28,"column":null}},"12":{"start":{"line":31,"column":2},"end":{"line":33,"column":null}},"13":{"start":{"line":32,"column":4},"end":{"line":32,"column":null}},"14":{"start":{"line":32,"column":32},"end":{"line":32,"column":null}},"15":{"start":{"line":35,"column":21},"end":{"line":103,"column":null}},"16":{"start":{"line":36,"column":4},"end":{"line":36,"column":null}},"17":{"start":{"line":37,"column":4},"end":{"line":37,"column":null}},"18":{"start":{"line":37,"column":41},"end":{"line":37,"column":null}},"19":{"start":{"line":38,"column":4},"end":{"line":38,"column":null}},"20":{"start":{"line":39,"column":4},"end":{"line":39,"column":null}},"21":{"start":{"line":41,"column":4},"end":{"line":102,"column":null}},"22":{"start":{"line":43,"column":28},"end":{"line":43,"column":null}},"23":{"start":{"line":44,"column":6},"end":{"line":44,"column":null}},"24":{"start":{"line":47,"column":28},"end":{"line":47,"column":null}},"25":{"start":{"line":48,"column":19},"end":{"line":48,"column":null}},"26":{"start":{"line":50,"column":6},"end":{"line":53,"column":null}},"27":{"start":{"line":51,"column":34},"end":{"line":51,"column":null}},"28":{"start":{"line":52,"column":8},"end":{"line":52,"column":null}},"29":{"start":{"line":55,"column":6},"end":{"line":55,"column":null}},"30":{"start":{"line":55,"column":19},"end":{"line":55,"column":null}},"31":{"start":{"line":58,"column":30},"end":{"line":58,"column":null}},"32":{"start":{"line":59,"column":20},"end":{"line":59,"column":null}},"33":{"start":{"line":61,"column":6},"end":{"line":72,"column":null}},"34":{"start":{"line":62,"column":36},"end":{"line":70,"column":null}},"35":{"start":{"line":71,"column":9},"end":{"line":71,"column":null}},"36":{"start":{"line":74,"column":6},"end":{"line":74,"column":null}},"37":{"start":{"line":74,"column":20},"end":{"line":74,"column":null}},"38":{"start":{"line":77,"column":24},"end":{"line":84,"column":null}},"39":{"start":{"line":86,"column":6},"end":{"line":86,"column":null}},"40":{"start":{"line":86,"column":17},"end":{"line":86,"column":null}},"41":{"start":{"line":89,"column":6},"end":{"line":89,"column":null}},"42":{"start":{"line":92,"column":6},"end":{"line":94,"column":null}},"43":{"start":{"line":92,"column":37},"end":{"line":94,"column":8}},"44":{"start":{"line":97,"column":6},"end":{"line":97,"column":null}},"45":{"start":{"line":99,"column":6},"end":{"line":99,"column":null}},"46":{"start":{"line":100,"column":6},"end":{"line":100,"column":null}},"47":{"start":{"line":101,"column":6},"end":{"line":101,"column":null}},"48":{"start":{"line":105,"column":22},"end":{"line":110,"column":null}},"49":{"start":{"line":112,"column":8},"end":{"line":117,"column":null}},"50":{"start":{"line":113,"column":4},"end":{"line":113,"column":null}},"51":{"start":{"line":113,"column":48},"end":{"line":113,"column":74}},"52":{"start":{"line":113,"column":77},"end":{"line":113,"column":null}},"53":{"start":{"line":114,"column":4},"end":{"line":114,"column":null}},"54":{"start":{"line":114,"column":48},"end":{"line":114,"column":74}},"55":{"start":{"line":114,"column":77},"end":{"line":114,"column":null}},"56":{"start":{"line":115,"column":4},"end":{"line":115,"column":null}},"57":{"start":{"line":115,"column":48},"end":{"line":115,"column":74}},"58":{"start":{"line":115,"column":77},"end":{"line":115,"column":null}},"59":{"start":{"line":116,"column":4},"end":{"line":116,"column":null}},"60":{"start":{"line":119,"column":21},"end":{"line":119,"column":null}},"61":{"start":{"line":120,"column":24},"end":{"line":120,"column":null}},"62":{"start":{"line":122,"column":8},"end":{"line":126,"column":null}},"63":{"start":{"line":123,"column":18},"end":{"line":123,"column":null}},"64":{"start":{"line":124,"column":17},"end":{"line":124,"column":null}},"65":{"start":{"line":124,"column":33},"end":{"line":124,"column":57}},"66":{"start":{"line":125,"column":4},"end":{"line":125,"column":null}},"67":{"start":{"line":128,"column":20},"end":{"line":128,"column":null}},"68":{"start":{"line":129,"column":25},"end":{"line":129,"column":null}},"69":{"start":{"line":129,"column":68},"end":{"line":129,"column":73}},"70":{"start":{"line":131,"column":2},"end":{"line":286,"column":null}},"71":{"start":{"line":149,"column":12},"end":{"line":153,"column":null}},"72":{"start":{"line":163,"column":18},"end":{"line":175,"column":null}},"73":{"start":{"line":165,"column":37},"end":{"line":165,"column":71}},"74":{"start":{"line":165,"column":71},"end":{"line":165,"column":83}},"75":{"start":{"line":183,"column":37},"end":{"line":183,"column":49}},"76":{"start":{"line":212,"column":43},"end":{"line":212,"column":79}},"77":{"start":{"line":212,"column":79},"end":{"line":212,"column":91}},"78":{"start":{"line":212,"column":91},"end":{"line":212,"column":104}},"79":{"start":{"line":216,"column":46},"end":{"line":216,"column":84}},"80":{"start":{"line":242,"column":43},"end":{"line":242,"column":67}},"81":{"start":{"line":242,"column":67},"end":{"line":242,"column":80}},"82":{"start":{"line":247,"column":48},"end":{"line":247,"column":86}},"83":{"start":{"line":259,"column":41},"end":{"line":259,"column":null}},"84":{"start":{"line":264,"column":49},"end":{"line":264,"column":87}}},"fnMap":{"0":{"name":"TicketSetupView","decl":{"start":{"line":14,"column":16},"end":{"line":14,"column":34}},"loc":{"start":{"line":14,"column":34},"end":{"line":288,"column":null}},"line":14},"1":{"name":"(anonymous_1)","decl":{"start":{"line":17,"column":24},"end":{"line":17,"column":36}},"loc":{"start":{"line":17,"column":41},"end":{"line":17,"column":56}},"line":17},"2":{"name":"(anonymous_2)","decl":{"start":{"line":31,"column":2},"end":{"line":31,"column":18}},"loc":{"start":{"line":31,"column":18},"end":{"line":33,"column":5}},"line":31},"3":{"name":"(anonymous_3)","decl":{"start":{"line":35,"column":21},"end":{"line":35,"column":28}},"loc":{"start":{"line":35,"column":51},"end":{"line":103,"column":null}},"line":35},"4":{"name":"(anonymous_4)","decl":{"start":{"line":92,"column":18},"end":{"line":92,"column":27}},"loc":{"start":{"line":92,"column":37},"end":{"line":94,"column":8}},"line":92},"5":{"name":"(anonymous_5)","decl":{"start":{"line":112,"column":8},"end":{"line":112,"column":26}},"loc":{"start":{"line":112,"column":46},"end":{"line":117,"column":null}},"line":112},"6":{"name":"(anonymous_6)","decl":{"start":{"line":113,"column":33},"end":{"line":113,"column":38}},"loc":{"start":{"line":113,"column":48},"end":{"line":113,"column":74}},"line":113},"7":{"name":"(anonymous_7)","decl":{"start":{"line":114,"column":33},"end":{"line":114,"column":38}},"loc":{"start":{"line":114,"column":48},"end":{"line":114,"column":74}},"line":114},"8":{"name":"(anonymous_8)","decl":{"start":{"line":115,"column":33},"end":{"line":115,"column":38}},"loc":{"start":{"line":115,"column":48},"end":{"line":115,"column":74}},"line":115},"9":{"name":"(anonymous_9)","decl":{"start":{"line":122,"column":8},"end":{"line":122,"column":22}},"loc":{"start":{"line":122,"column":56},"end":{"line":126,"column":null}},"line":122},"10":{"name":"(anonymous_10)","decl":{"start":{"line":124,"column":23},"end":{"line":124,"column":28}},"loc":{"start":{"line":124,"column":33},"end":{"line":124,"column":57}},"line":124},"11":{"name":"(anonymous_11)","decl":{"start":{"line":129,"column":55},"end":{"line":129,"column":59}},"loc":{"start":{"line":129,"column":68},"end":{"line":129,"column":73}},"line":129},"12":{"name":"(anonymous_12)","decl":{"start":{"line":148,"column":18},"end":{"line":148,"column":22}},"loc":{"start":{"line":149,"column":12},"end":{"line":153,"column":null}},"line":149},"13":{"name":"(anonymous_13)","decl":{"start":{"line":162,"column":42},"end":{"line":162,"column":46}},"loc":{"start":{"line":163,"column":18},"end":{"line":175,"column":null}},"line":163},"14":{"name":"(anonymous_14)","decl":{"start":{"line":165,"column":20},"end":{"line":165,"column":35}},"loc":{"start":{"line":165,"column":35},"end":{"line":165,"column":null}},"line":165},"15":{"name":"(anonymous_15)","decl":{"start":{"line":183,"column":22},"end":{"line":183,"column":37}},"loc":{"start":{"line":183,"column":37},"end":{"line":183,"column":49}},"line":183},"16":{"name":"(anonymous_16)","decl":{"start":{"line":212,"column":24},"end":{"line":212,"column":35}},"loc":{"start":{"line":212,"column":41},"end":{"line":212,"column":null}},"line":212},"17":{"name":"(anonymous_17)","decl":{"start":{"line":216,"column":37},"end":{"line":216,"column":41}},"loc":{"start":{"line":216,"column":46},"end":{"line":216,"column":84}},"line":216},"18":{"name":"(anonymous_18)","decl":{"start":{"line":242,"column":24},"end":{"line":242,"column":35}},"loc":{"start":{"line":242,"column":41},"end":{"line":242,"column":null}},"line":242},"19":{"name":"(anonymous_19)","decl":{"start":{"line":247,"column":39},"end":{"line":247,"column":43}},"loc":{"start":{"line":247,"column":48},"end":{"line":247,"column":86}},"line":247},"20":{"name":"(anonymous_20)","decl":{"start":{"line":259,"column":24},"end":{"line":259,"column":35}},"loc":{"start":{"line":259,"column":41},"end":{"line":259,"column":null}},"line":259},"21":{"name":"(anonymous_21)","decl":{"start":{"line":264,"column":40},"end":{"line":264,"column":44}},"loc":{"start":{"line":264,"column":49},"end":{"line":264,"column":87}},"line":264}},"branchMap":{"0":{"loc":{"start":{"line":24,"column":23},"end":{"line":24,"column":null}},"type":"binary-expr","locations":[{"start":{"line":24,"column":23},"end":{"line":24,"column":60}},{"start":{"line":24,"column":60},"end":{"line":24,"column":null}}],"line":24},"1":{"loc":{"start":{"line":32,"column":4},"end":{"line":32,"column":null}},"type":"if","locations":[{"start":{"line":32,"column":4},"end":{"line":32,"column":null}},{"start":{},"end":{}}],"line":32},"2":{"loc":{"start":{"line":37,"column":4},"end":{"line":37,"column":null}},"type":"if","locations":[{"start":{"line":37,"column":4},"end":{"line":37,"column":null}},{"start":{},"end":{}}],"line":37},"3":{"loc":{"start":{"line":37,"column":8},"end":{"line":37,"column":41}},"type":"binary-expr","locations":[{"start":{"line":37,"column":8},"end":{"line":37,"column":19}},{"start":{"line":37,"column":19},"end":{"line":37,"column":41}}],"line":37},"4":{"loc":{"start":{"line":50,"column":6},"end":{"line":53,"column":null}},"type":"if","locations":[{"start":{"line":50,"column":6},"end":{"line":53,"column":null}},{"start":{},"end":{}}],"line":50},"5":{"loc":{"start":{"line":55,"column":6},"end":{"line":55,"column":null}},"type":"if","locations":[{"start":{"line":55,"column":6},"end":{"line":55,"column":null}},{"start":{},"end":{}}],"line":55},"6":{"loc":{"start":{"line":61,"column":6},"end":{"line":72,"column":null}},"type":"if","locations":[{"start":{"line":61,"column":6},"end":{"line":72,"column":null}},{"start":{},"end":{}}],"line":61},"7":{"loc":{"start":{"line":74,"column":6},"end":{"line":74,"column":null}},"type":"if","locations":[{"start":{"line":74,"column":6},"end":{"line":74,"column":null}},{"start":{},"end":{}}],"line":74},"8":{"loc":{"start":{"line":86,"column":6},"end":{"line":86,"column":null}},"type":"if","locations":[{"start":{"line":86,"column":6},"end":{"line":86,"column":null}},{"start":{},"end":{}}],"line":86},"9":{"loc":{"start":{"line":93,"column":16},"end":{"line":93,"column":null}},"type":"cond-expr","locations":[{"start":{"line":93,"column":31},"end":{"line":93,"column":107}},{"start":{"line":93,"column":107},"end":{"line":93,"column":null}}],"line":93},"10":{"loc":{"start":{"line":100,"column":21},"end":{"line":100,"column":79}},"type":"binary-expr","locations":[{"start":{"line":100,"column":21},"end":{"line":100,"column":37}},{"start":{"line":100,"column":37},"end":{"line":100,"column":79}}],"line":100},"11":{"loc":{"start":{"line":113,"column":4},"end":{"line":113,"column":null}},"type":"if","locations":[{"start":{"line":113,"column":4},"end":{"line":113,"column":null}},{"start":{},"end":{}}],"line":113},"12":{"loc":{"start":{"line":114,"column":4},"end":{"line":114,"column":null}},"type":"if","locations":[{"start":{"line":114,"column":4},"end":{"line":114,"column":null}},{"start":{},"end":{}}],"line":114},"13":{"loc":{"start":{"line":115,"column":4},"end":{"line":115,"column":null}},"type":"if","locations":[{"start":{"line":115,"column":4},"end":{"line":115,"column":null}},{"start":{},"end":{}}],"line":115},"14":{"loc":{"start":{"line":119,"column":21},"end":{"line":119,"column":null}},"type":"cond-expr","locations":[{"start":{"line":119,"column":39},"end":{"line":119,"column":73}},{"start":{"line":119,"column":73},"end":{"line":119,"column":null}}],"line":119},"15":{"loc":{"start":{"line":120,"column":24},"end":{"line":120,"column":null}},"type":"cond-expr","locations":[{"start":{"line":120,"column":42},"end":{"line":120,"column":92}},{"start":{"line":120,"column":92},"end":{"line":120,"column":null}}],"line":120},"16":{"loc":{"start":{"line":125,"column":11},"end":{"line":125,"column":null}},"type":"cond-expr","locations":[{"start":{"line":125,"column":18},"end":{"line":125,"column":35}},{"start":{"line":125,"column":35},"end":{"line":125,"column":null}}],"line":125},"17":{"loc":{"start":{"line":128,"column":20},"end":{"line":128,"column":null}},"type":"cond-expr","locations":[{"start":{"line":128,"column":46},"end":{"line":128,"column":76}},{"start":{"line":128,"column":76},"end":{"line":128,"column":null}}],"line":128},"18":{"loc":{"start":{"line":128,"column":20},"end":{"line":128,"column":46}},"type":"binary-expr","locations":[{"start":{"line":128,"column":20},"end":{"line":128,"column":39}},{"start":{"line":128,"column":39},"end":{"line":128,"column":46}}],"line":128},"19":{"loc":{"start":{"line":150,"column":14},"end":{"line":150,"column":null}},"type":"cond-expr","locations":[{"start":{"line":150,"column":28},"end":{"line":150,"column":56}},{"start":{"line":150,"column":56},"end":{"line":150,"column":null}}],"line":150},"20":{"loc":{"start":{"line":158,"column":11},"end":{"line":178,"column":null}},"type":"binary-expr","locations":[{"start":{"line":158,"column":11},"end":{"line":158,"column":null}},{"start":{"line":159,"column":12},"end":{"line":178,"column":null}}],"line":158},"21":{"loc":{"start":{"line":168,"column":22},"end":{"line":168,"column":null}},"type":"cond-expr","locations":[{"start":{"line":168,"column":57},"end":{"line":168,"column":89}},{"start":{"line":168,"column":89},"end":{"line":168,"column":null}}],"line":168},"22":{"loc":{"start":{"line":181,"column":11},"end":{"line":282,"column":null}},"type":"binary-expr","locations":[{"start":{"line":181,"column":11},"end":{"line":181,"column":null}},{"start":{"line":182,"column":12},"end":{"line":282,"column":null}}],"line":181},"23":{"loc":{"start":{"line":198,"column":17},"end":{"line":201,"column":null}},"type":"binary-expr","locations":[{"start":{"line":198,"column":17},"end":{"line":198,"column":null}},{"start":{"line":199,"column":18},"end":{"line":201,"column":null}}],"line":198},"24":{"loc":{"start":{"line":276,"column":20},"end":{"line":276,"column":null}},"type":"cond-expr","locations":[{"start":{"line":276,"column":30},"end":{"line":276,"column":64}},{"start":{"line":276,"column":64},"end":{"line":276,"column":null}}],"line":276},"25":{"loc":{"start":{"line":279,"column":19},"end":{"line":279,"column":null}},"type":"cond-expr","locations":[{"start":{"line":279,"column":29},"end":{"line":279,"column":78}},{"start":{"line":279,"column":76},"end":{"line":279,"column":null}}],"line":279}},"s":{"0":40,"1":40,"2":40,"3":0,"4":40,"5":40,"6":40,"7":40,"8":40,"9":40,"10":40,"11":40,"12":40,"13":8,"14":1,"15":40,"16":5,"17":5,"18":0,"19":5,"20":5,"21":5,"22":5,"23":4,"24":4,"25":3,"26":5,"27":0,"28":0,"29":3,"30":3,"31":3,"32":3,"33":5,"34":0,"35":0,"36":3,"37":3,"38":3,"39":3,"40":1,"41":2,"42":2,"43":0,"44":2,"45":3,"46":3,"47":3,"48":40,"49":40,"50":26,"51":26,"52":26,"53":0,"54":0,"55":0,"56":0,"57":0,"58":0,"59":0,"60":40,"61":40,"62":40,"63":20,"64":20,"65":20,"66":20,"67":40,"68":40,"69":480,"70":40,"71":80,"72":320,"73":6,"74":6,"75":0,"76":6,"77":6,"78":6,"79":1536,"80":6,"81":6,"82":520,"83":6,"84":480},"f":{"0":40,"1":0,"2":8,"3":5,"4":0,"5":26,"6":26,"7":0,"8":0,"9":20,"10":20,"11":480,"12":80,"13":320,"14":6,"15":0,"16":6,"17":1536,"18":6,"19":520,"20":6,"21":480},"b":{"0":[40,14],"1":[1,7],"2":[0,5],"3":[5,5],"4":[0,5],"5":[0,3],"6":[0,5],"7":[0,3],"8":[1,2],"9":[0,0],"10":[3,0],"11":[26,0],"12":[0,0],"13":[0,0],"14":[26,14],"15":[26,14],"16":[20,0],"17":[20,20],"18":[40,26],"19":[72,8],"20":[40,8],"21":[0,320],"22":[40,32],"23":[32,3],"24":[5,27],"25":[5,27]},"meta":{"lastBranch":26,"lastFunction":22,"lastStatement":85,"seen":{"f:14:16:14:34":0,"s:15:8:15:Infinity":0,"s:16:18:16:Infinity":1,"s:17:8:17:Infinity":2,"f:17:24:17:36":1,"s:17:41:17:56":3,"s:19:30:19:Infinity":4,"s:20:26:20:Infinity":5,"s:21:14:21:Infinity":6,"s:22:15:22:Infinity":7,"s:24:23:24:Infinity":8,"b:24:23:24:60:24:60:24:Infinity":0,"s:26:15:26:Infinity":9,"s:27:18:27:Infinity":10,"s:28:22:28:Infinity":11,"s:31:2:33:Infinity":12,"f:31:2:31:18":2,"b:32:4:32:Infinity:undefined:undefined:undefined:undefined":1,"s:32:4:32:Infinity":13,"s:32:32:32:Infinity":14,"s:35:21:103:Infinity":15,"f:35:21:35:28":3,"s:36:4:36:Infinity":16,"b:37:4:37:Infinity:undefined:undefined:undefined:undefined":2,"s:37:4:37:Infinity":17,"b:37:8:37:19:37:19:37:41":3,"s:37:41:37:Infinity":18,"s:38:4:38:Infinity":19,"s:39:4:39:Infinity":20,"s:41:4:102:Infinity":21,"s:43:28:43:Infinity":22,"s:44:6:44:Infinity":23,"s:47:28:47:Infinity":24,"s:48:19:48:Infinity":25,"b:50:6:53:Infinity:undefined:undefined:undefined:undefined":4,"s:50:6:53:Infinity":26,"s:51:34:51:Infinity":27,"s:52:8:52:Infinity":28,"b:55:6:55:Infinity:undefined:undefined:undefined:undefined":5,"s:55:6:55:Infinity":29,"s:55:19:55:Infinity":30,"s:58:30:58:Infinity":31,"s:59:20:59:Infinity":32,"b:61:6:72:Infinity:undefined:undefined:undefined:undefined":6,"s:61:6:72:Infinity":33,"s:62:36:70:Infinity":34,"s:71:9:71:Infinity":35,"b:74:6:74:Infinity:undefined:undefined:undefined:undefined":7,"s:74:6:74:Infinity":36,"s:74:20:74:Infinity":37,"s:77:24:84:Infinity":38,"b:86:6:86:Infinity:undefined:undefined:undefined:undefined":8,"s:86:6:86:Infinity":39,"s:86:17:86:Infinity":40,"s:89:6:89:Infinity":41,"s:92:6:94:Infinity":42,"f:92:18:92:27":4,"s:92:37:94:8":43,"b:93:31:93:107:93:107:93:Infinity":9,"s:97:6:97:Infinity":44,"s:99:6:99:Infinity":45,"s:100:6:100:Infinity":46,"b:100:21:100:37:100:37:100:79":10,"s:101:6:101:Infinity":47,"s:105:22:110:Infinity":48,"s:112:8:117:Infinity":49,"f:112:8:112:26":5,"b:113:4:113:Infinity:undefined:undefined:undefined:undefined":11,"s:113:4:113:Infinity":50,"f:113:33:113:38":6,"s:113:48:113:74":51,"s:113:77:113:Infinity":52,"b:114:4:114:Infinity:undefined:undefined:undefined:undefined":12,"s:114:4:114:Infinity":53,"f:114:33:114:38":7,"s:114:48:114:74":54,"s:114:77:114:Infinity":55,"b:115:4:115:Infinity:undefined:undefined:undefined:undefined":13,"s:115:4:115:Infinity":56,"f:115:33:115:38":8,"s:115:48:115:74":57,"s:115:77:115:Infinity":58,"s:116:4:116:Infinity":59,"s:119:21:119:Infinity":60,"b:119:39:119:73:119:73:119:Infinity":14,"s:120:24:120:Infinity":61,"b:120:42:120:92:120:92:120:Infinity":15,"s:122:8:126:Infinity":62,"f:122:8:122:22":9,"s:123:18:123:Infinity":63,"s:124:17:124:Infinity":64,"f:124:23:124:28":10,"s:124:33:124:57":65,"s:125:4:125:Infinity":66,"b:125:18:125:35:125:35:125:Infinity":16,"s:128:20:128:Infinity":67,"b:128:46:128:76:128:76:128:Infinity":17,"b:128:20:128:39:128:39:128:46":18,"s:129:25:129:Infinity":68,"f:129:55:129:59":11,"s:129:68:129:73":69,"s:131:2:286:Infinity":70,"f:148:18:148:22":12,"s:149:12:153:Infinity":71,"b:150:28:150:56:150:56:150:Infinity":19,"b:158:11:158:Infinity:159:12:178:Infinity":20,"f:162:42:162:46":13,"s:163:18:175:Infinity":72,"f:165:20:165:35":14,"s:165:37:165:71":73,"s:165:71:165:83":74,"b:168:57:168:89:168:89:168:Infinity":21,"b:181:11:181:Infinity:182:12:282:Infinity":22,"f:183:22:183:37":15,"s:183:37:183:49":75,"b:198:17:198:Infinity:199:18:201:Infinity":23,"f:212:24:212:35":16,"s:212:43:212:79":76,"s:212:79:212:91":77,"s:212:91:212:104":78,"f:216:37:216:41":17,"s:216:46:216:84":79,"f:242:24:242:35":18,"s:242:43:242:67":80,"s:242:67:242:80":81,"f:247:39:247:43":19,"s:247:48:247:86":82,"f:259:24:259:35":20,"s:259:41:259:Infinity":83,"f:264:40:264:44":21,"s:264:49:264:87":84,"b:276:30:276:64:276:64:276:Infinity":24,"b:279:29:279:78:279:76:279:Infinity":25},"fnNames":{}}}
,"/Users/riyansh/stadiaos/src/components/layout/MobileFrame.tsx": {"path":"/Users/riyansh/stadiaos/src/components/layout/MobileFrame.tsx","statementMap":{"0":{"start":{"line":5,"column":27},"end":{"line":22,"column":null}},"1":{"start":{"line":6,"column":8},"end":{"line":6,"column":null}},"2":{"start":{"line":9,"column":2},"end":{"line":11,"column":null}},"3":{"start":{"line":10,"column":4},"end":{"line":10,"column":null}},"4":{"start":{"line":13,"column":2},"end":{"line":20,"column":null}}},"fnMap":{"0":{"name":"MobileFrame","decl":{"start":{"line":5,"column":47},"end":{"line":5,"column":59}},"loc":{"start":{"line":5,"column":98},"end":{"line":22,"column":1}},"line":5}},"branchMap":{"0":{"loc":{"start":{"line":9,"column":2},"end":{"line":11,"column":null}},"type":"if","locations":[{"start":{"line":9,"column":2},"end":{"line":11,"column":null}},{"start":{},"end":{}}],"line":9}},"s":{"0":1,"1":1,"2":1,"3":0,"4":1},"f":{"0":1},"b":{"0":[0,1]},"meta":{"lastBranch":1,"lastFunction":1,"lastStatement":5,"seen":{"s:5:27:22:Infinity":0,"f:5:47:5:59":0,"s:6:8:6:Infinity":1,"b:9:2:11:Infinity:undefined:undefined:undefined:undefined":0,"s:9:2:11:Infinity":2,"s:10:4:10:Infinity":3,"s:13:2:20:Infinity":4},"fnNames":{}}}
,"/Users/riyansh/stadiaos/src/components/ops/AlertComposer.tsx": {"path":"/Users/riyansh/stadiaos/src/components/ops/AlertComposer.tsx","statementMap":{"0":{"start":{"line":8,"column":33},"end":{"line":8,"column":null}},"1":{"start":{"line":9,"column":16},"end":{"line":9,"column":null}},"2":{"start":{"line":10,"column":18},"end":{"line":10,"column":null}},"3":{"start":{"line":11,"column":21},"end":{"line":11,"column":null}},"4":{"start":{"line":12,"column":18},"end":{"line":12,"column":null}},"5":{"start":{"line":13,"column":19},"end":{"line":13,"column":null}},"6":{"start":{"line":15,"column":24},"end":{"line":41,"column":null}},"7":{"start":{"line":16,"column":4},"end":{"line":16,"column":null}},"8":{"start":{"line":17,"column":4},"end":{"line":20,"column":null}},"9":{"start":{"line":18,"column":6},"end":{"line":18,"column":null}},"10":{"start":{"line":19,"column":6},"end":{"line":19,"column":null}},"11":{"start":{"line":21,"column":4},"end":{"line":24,"column":null}},"12":{"start":{"line":22,"column":6},"end":{"line":22,"column":null}},"13":{"start":{"line":23,"column":6},"end":{"line":23,"column":null}},"14":{"start":{"line":25,"column":4},"end":{"line":25,"column":null}},"15":{"start":{"line":25,"column":20},"end":{"line":25,"column":null}},"16":{"start":{"line":27,"column":4},"end":{"line":27,"column":null}},"17":{"start":{"line":28,"column":4},"end":{"line":28,"column":null}},"18":{"start":{"line":29,"column":4},"end":{"line":40,"column":null}},"19":{"start":{"line":30,"column":6},"end":{"line":30,"column":null}},"20":{"start":{"line":31,"column":6},"end":{"line":31,"column":null}},"21":{"start":{"line":32,"column":6},"end":{"line":32,"column":null}},"22":{"start":{"line":33,"column":6},"end":{"line":33,"column":null}},"23":{"start":{"line":34,"column":6},"end":{"line":34,"column":null}},"24":{"start":{"line":34,"column":23},"end":{"line":34,"column":42}},"25":{"start":{"line":36,"column":6},"end":{"line":36,"column":null}},"26":{"start":{"line":37,"column":6},"end":{"line":37,"column":null}},"27":{"start":{"line":39,"column":6},"end":{"line":39,"column":null}},"28":{"start":{"line":43,"column":2},"end":{"line":94,"column":null}},"29":{"start":{"line":64,"column":31},"end":{"line":64,"column":null}},"30":{"start":{"line":76,"column":31},"end":{"line":76,"column":null}}},"fnMap":{"0":{"name":"AlertComposer","decl":{"start":{"line":7,"column":16},"end":{"line":7,"column":32}},"loc":{"start":{"line":7,"column":32},"end":{"line":96,"column":null}},"line":7},"1":{"name":"(anonymous_1)","decl":{"start":{"line":15,"column":24},"end":{"line":15,"column":31}},"loc":{"start":{"line":15,"column":75},"end":{"line":41,"column":null}},"line":15},"2":{"name":"(anonymous_2)","decl":{"start":{"line":34,"column":6},"end":{"line":34,"column":23}},"loc":{"start":{"line":34,"column":23},"end":{"line":34,"column":42}},"line":34},"3":{"name":"(anonymous_3)","decl":{"start":{"line":64,"column":16},"end":{"line":64,"column":26}},"loc":{"start":{"line":64,"column":31},"end":{"line":64,"column":null}},"line":64},"4":{"name":"(anonymous_4)","decl":{"start":{"line":76,"column":16},"end":{"line":76,"column":26}},"loc":{"start":{"line":76,"column":31},"end":{"line":76,"column":null}},"line":76}},"branchMap":{"0":{"loc":{"start":{"line":17,"column":4},"end":{"line":20,"column":null}},"type":"if","locations":[{"start":{"line":17,"column":4},"end":{"line":20,"column":null}},{"start":{},"end":{}}],"line":17},"1":{"loc":{"start":{"line":17,"column":8},"end":{"line":17,"column":32}},"type":"binary-expr","locations":[{"start":{"line":17,"column":8},"end":{"line":17,"column":20}},{"start":{"line":17,"column":20},"end":{"line":17,"column":32}}],"line":17},"2":{"loc":{"start":{"line":21,"column":4},"end":{"line":24,"column":null}},"type":"if","locations":[{"start":{"line":21,"column":4},"end":{"line":24,"column":null}},{"start":{},"end":{}}],"line":21},"3":{"loc":{"start":{"line":21,"column":8},"end":{"line":21,"column":42}},"type":"binary-expr","locations":[{"start":{"line":21,"column":8},"end":{"line":21,"column":25}},{"start":{"line":21,"column":25},"end":{"line":21,"column":42}}],"line":21},"4":{"loc":{"start":{"line":25,"column":4},"end":{"line":25,"column":null}},"type":"if","locations":[{"start":{"line":25,"column":4},"end":{"line":25,"column":null}},{"start":{},"end":{}}],"line":25},"5":{"loc":{"start":{"line":37,"column":18},"end":{"line":37,"column":61}},"type":"binary-expr","locations":[{"start":{"line":37,"column":18},"end":{"line":37,"column":32}},{"start":{"line":37,"column":32},"end":{"line":37,"column":61}}],"line":37},"6":{"loc":{"start":{"line":49,"column":11},"end":{"line":52,"column":null}},"type":"binary-expr","locations":[{"start":{"line":49,"column":11},"end":{"line":49,"column":null}},{"start":{"line":50,"column":12},"end":{"line":52,"column":null}}],"line":49},"7":{"loc":{"start":{"line":87,"column":22},"end":{"line":87,"column":null}},"type":"binary-expr","locations":[{"start":{"line":87,"column":22},"end":{"line":87,"column":39}},{"start":{"line":87,"column":39},"end":{"line":87,"column":58}},{"start":{"line":87,"column":58},"end":{"line":87,"column":72}},{"start":{"line":87,"column":72},"end":{"line":87,"column":null}}],"line":87},"8":{"loc":{"start":{"line":90,"column":13},"end":{"line":90,"column":null}},"type":"cond-expr","locations":[{"start":{"line":90,"column":26},"end":{"line":90,"column":46}},{"start":{"line":90,"column":46},"end":{"line":90,"column":null}}],"line":90},"9":{"loc":{"start":{"line":90,"column":46},"end":{"line":90,"column":null}},"type":"cond-expr","locations":[{"start":{"line":90,"column":56},"end":{"line":90,"column":117}},{"start":{"line":90,"column":115},"end":{"line":90,"column":null}}],"line":90}},"s":{"0":14,"1":14,"2":14,"3":14,"4":14,"5":14,"6":14,"7":2,"8":2,"9":0,"10":0,"11":2,"12":0,"13":0,"14":2,"15":0,"16":2,"17":2,"18":2,"19":2,"20":1,"21":1,"22":1,"23":1,"24":0,"25":1,"26":1,"27":2,"28":14,"29":3,"30":3},"f":{"0":14,"1":2,"2":0,"3":3,"4":3},"b":{"0":[0,2],"1":[2,2],"2":[0,2],"3":[2,2],"4":[0,2],"5":[1,0],"6":[14,1],"7":[14,9,6,4],"8":[2,12],"9":[1,11]},"meta":{"lastBranch":10,"lastFunction":5,"lastStatement":31,"seen":{"f:7:16:7:32":0,"s:8:33:8:Infinity":0,"s:9:16:9:Infinity":1,"s:10:18:10:Infinity":2,"s:11:21:11:Infinity":3,"s:12:18:12:Infinity":4,"s:13:19:13:Infinity":5,"s:15:24:41:Infinity":6,"f:15:24:15:31":1,"s:16:4:16:Infinity":7,"b:17:4:20:Infinity:undefined:undefined:undefined:undefined":0,"s:17:4:20:Infinity":8,"b:17:8:17:20:17:20:17:32":1,"s:18:6:18:Infinity":9,"s:19:6:19:Infinity":10,"b:21:4:24:Infinity:undefined:undefined:undefined:undefined":2,"s:21:4:24:Infinity":11,"b:21:8:21:25:21:25:21:42":3,"s:22:6:22:Infinity":12,"s:23:6:23:Infinity":13,"b:25:4:25:Infinity:undefined:undefined:undefined:undefined":4,"s:25:4:25:Infinity":14,"s:25:20:25:Infinity":15,"s:27:4:27:Infinity":16,"s:28:4:28:Infinity":17,"s:29:4:40:Infinity":18,"s:30:6:30:Infinity":19,"s:31:6:31:Infinity":20,"s:32:6:32:Infinity":21,"s:33:6:33:Infinity":22,"s:34:6:34:Infinity":23,"f:34:6:34:23":2,"s:34:23:34:42":24,"s:36:6:36:Infinity":25,"s:37:6:37:Infinity":26,"b:37:18:37:32:37:32:37:61":5,"s:39:6:39:Infinity":27,"s:43:2:94:Infinity":28,"b:49:11:49:Infinity:50:12:52:Infinity":6,"f:64:16:64:26":3,"s:64:31:64:Infinity":29,"f:76:16:76:26":4,"s:76:31:76:Infinity":30,"b:87:22:87:39:87:39:87:58:87:58:87:72:87:72:87:Infinity":7,"b:90:26:90:46:90:46:90:Infinity":8,"b:90:56:90:117:90:115:90:Infinity":9},"fnNames":{}}}
,"/Users/riyansh/stadiaos/src/components/ops/IncidentTriageDesk.tsx": {"path":"/Users/riyansh/stadiaos/src/components/ops/IncidentTriageDesk.tsx","statementMap":{"0":{"start":{"line":11,"column":63},"end":{"line":11,"column":null}},"1":{"start":{"line":12,"column":21},"end":{"line":12,"column":null}},"2":{"start":{"line":13,"column":19},"end":{"line":13,"column":null}},"3":{"start":{"line":15,"column":10},"end":{"line":15,"column":null}},"4":{"start":{"line":17,"column":26},"end":{"line":17,"column":null}},"5":{"start":{"line":17,"column":48},"end":{"line":17,"column":96}},"6":{"start":{"line":19,"column":2},"end":{"line":19,"column":null}},"7":{"start":{"line":19,"column":16},"end":{"line":19,"column":null}},"8":{"start":{"line":21,"column":29},"end":{"line":23,"column":null}},"9":{"start":{"line":22,"column":4},"end":{"line":22,"column":null}},"10":{"start":{"line":25,"column":23},"end":{"line":27,"column":null}},"11":{"start":{"line":26,"column":4},"end":{"line":26,"column":null}},"12":{"start":{"line":29,"column":24},"end":{"line":33,"column":null}},"13":{"start":{"line":30,"column":4},"end":{"line":30,"column":null}},"14":{"start":{"line":30,"column":26},"end":{"line":30,"column":null}},"15":{"start":{"line":31,"column":4},"end":{"line":31,"column":null}},"16":{"start":{"line":32,"column":4},"end":{"line":32,"column":null}},"17":{"start":{"line":35,"column":8},"end":{"line":39,"column":null}},"18":{"start":{"line":36,"column":16},"end":{"line":36,"column":null}},"19":{"start":{"line":37,"column":4},"end":{"line":37,"column":null}},"20":{"start":{"line":37,"column":44},"end":{"line":37,"column":null}},"21":{"start":{"line":38,"column":4},"end":{"line":38,"column":null}},"22":{"start":{"line":41,"column":8},"end":{"line":45,"column":null}},"23":{"start":{"line":42,"column":18},"end":{"line":42,"column":null}},"24":{"start":{"line":43,"column":4},"end":{"line":43,"column":null}},"25":{"start":{"line":43,"column":26},"end":{"line":43,"column":null}},"26":{"start":{"line":44,"column":4},"end":{"line":44,"column":null}},"27":{"start":{"line":47,"column":8},"end":{"line":53,"column":null}},"28":{"start":{"line":48,"column":4},"end":{"line":52,"column":null}},"29":{"start":{"line":49,"column":6},"end":{"line":49,"column":null}},"30":{"start":{"line":51,"column":6},"end":{"line":51,"column":null}},"31":{"start":{"line":55,"column":2},"end":{"line":247,"column":null}},"32":{"start":{"line":76,"column":33},"end":{"line":76,"column":null}},"33":{"start":{"line":77,"column":33},"end":{"line":77,"column":null}},"34":{"start":{"line":79,"column":14},"end":{"line":241,"column":null}},"35":{"start":{"line":103,"column":39},"end":{"line":103,"column":null}},"36":{"start":{"line":145,"column":40},"end":{"line":145,"column":null}},"37":{"start":{"line":167,"column":49},"end":{"line":167,"column":null}},"38":{"start":{"line":176,"column":49},"end":{"line":176,"column":null}},"39":{"start":{"line":191,"column":49},"end":{"line":191,"column":null}},"40":{"start":{"line":200,"column":36},"end":{"line":200,"column":null}},"41":{"start":{"line":201,"column":36},"end":{"line":201,"column":null}},"42":{"start":{"line":220,"column":47},"end":{"line":220,"column":null}},"43":{"start":{"line":223,"column":50},"end":{"line":223,"column":100}},"44":{"start":{"line":223,"column":73},"end":{"line":223,"column":100}},"45":{"start":{"line":228,"column":47},"end":{"line":228,"column":null}}},"fnMap":{"0":{"name":"IncidentTriageDesk","decl":{"start":{"line":10,"column":16},"end":{"line":10,"column":37}},"loc":{"start":{"line":10,"column":37},"end":{"line":249,"column":null}},"line":10},"1":{"name":"(anonymous_1)","decl":{"start":{"line":17,"column":36},"end":{"line":17,"column":43}},"loc":{"start":{"line":17,"column":48},"end":{"line":17,"column":96}},"line":17},"2":{"name":"(anonymous_2)","decl":{"start":{"line":21,"column":29},"end":{"line":21,"column":36}},"loc":{"start":{"line":21,"column":98},"end":{"line":23,"column":null}},"line":21},"3":{"name":"(anonymous_3)","decl":{"start":{"line":25,"column":23},"end":{"line":25,"column":30}},"loc":{"start":{"line":25,"column":59},"end":{"line":27,"column":null}},"line":25},"4":{"name":"(anonymous_4)","decl":{"start":{"line":29,"column":24},"end":{"line":29,"column":31}},"loc":{"start":{"line":29,"column":46},"end":{"line":33,"column":null}},"line":29},"5":{"name":"(anonymous_5)","decl":{"start":{"line":35,"column":8},"end":{"line":35,"column":27}},"loc":{"start":{"line":35,"column":44},"end":{"line":39,"column":null}},"line":35},"6":{"name":"(anonymous_6)","decl":{"start":{"line":41,"column":8},"end":{"line":41,"column":30}},"loc":{"start":{"line":41,"column":47},"end":{"line":45,"column":null}},"line":41},"7":{"name":"(anonymous_7)","decl":{"start":{"line":47,"column":8},"end":{"line":47,"column":22}},"loc":{"start":{"line":47,"column":44},"end":{"line":53,"column":null}},"line":47},"8":{"name":"(anonymous_8)","decl":{"start":{"line":75,"column":29},"end":{"line":75,"column":34}},"loc":{"start":{"line":75,"column":52},"end":{"line":243,"column":13}},"line":75},"9":{"name":"(anonymous_9)","decl":{"start":{"line":103,"column":24},"end":{"line":103,"column":39}},"loc":{"start":{"line":103,"column":39},"end":{"line":103,"column":null}},"line":103},"10":{"name":"(anonymous_10)","decl":{"start":{"line":145,"column":26},"end":{"line":145,"column":35}},"loc":{"start":{"line":145,"column":40},"end":{"line":145,"column":null}},"line":145},"11":{"name":"(anonymous_11)","decl":{"start":{"line":167,"column":34},"end":{"line":167,"column":49}},"loc":{"start":{"line":167,"column":49},"end":{"line":167,"column":null}},"line":167},"12":{"name":"(anonymous_12)","decl":{"start":{"line":176,"column":34},"end":{"line":176,"column":49}},"loc":{"start":{"line":176,"column":49},"end":{"line":176,"column":null}},"line":176},"13":{"name":"(anonymous_13)","decl":{"start":{"line":191,"column":34},"end":{"line":191,"column":49}},"loc":{"start":{"line":191,"column":49},"end":{"line":191,"column":null}},"line":191},"14":{"name":"(anonymous_14)","decl":{"start":{"line":199,"column":34},"end":{"line":199,"column":49}},"loc":{"start":{"line":199,"column":49},"end":{"line":202,"column":null}},"line":199},"15":{"name":"(anonymous_15)","decl":{"start":{"line":220,"column":32},"end":{"line":220,"column":42}},"loc":{"start":{"line":220,"column":47},"end":{"line":220,"column":null}},"line":220},"16":{"name":"(anonymous_16)","decl":{"start":{"line":223,"column":32},"end":{"line":223,"column":43}},"loc":{"start":{"line":223,"column":48},"end":{"line":223,"column":null}},"line":223},"17":{"name":"(anonymous_17)","decl":{"start":{"line":228,"column":32},"end":{"line":228,"column":47}},"loc":{"start":{"line":228,"column":47},"end":{"line":228,"column":null}},"line":228}},"branchMap":{"0":{"loc":{"start":{"line":17,"column":48},"end":{"line":17,"column":96}},"type":"binary-expr","locations":[{"start":{"line":17,"column":48},"end":{"line":17,"column":75}},{"start":{"line":17,"column":75},"end":{"line":17,"column":96}}],"line":17},"1":{"loc":{"start":{"line":19,"column":2},"end":{"line":19,"column":null}},"type":"if","locations":[{"start":{"line":19,"column":2},"end":{"line":19,"column":null}},{"start":{},"end":{}}],"line":19},"2":{"loc":{"start":{"line":30,"column":4},"end":{"line":30,"column":null}},"type":"if","locations":[{"start":{"line":30,"column":4},"end":{"line":30,"column":null}},{"start":{},"end":{}}],"line":30},"3":{"loc":{"start":{"line":37,"column":4},"end":{"line":37,"column":null}},"type":"if","locations":[{"start":{"line":37,"column":4},"end":{"line":37,"column":null}},{"start":{},"end":{}}],"line":37},"4":{"loc":{"start":{"line":37,"column":8},"end":{"line":37,"column":44}},"type":"binary-expr","locations":[{"start":{"line":37,"column":8},"end":{"line":37,"column":16}},{"start":{"line":37,"column":16},"end":{"line":37,"column":44}}],"line":37},"5":{"loc":{"start":{"line":43,"column":4},"end":{"line":43,"column":null}},"type":"if","locations":[{"start":{"line":43,"column":4},"end":{"line":43,"column":null}},{"start":{},"end":{}}],"line":43},"6":{"loc":{"start":{"line":60,"column":9},"end":{"line":244,"column":null}},"type":"cond-expr","locations":[{"start":{"line":61,"column":10},"end":{"line":74,"column":11}},{"start":{"line":74,"column":10},"end":{"line":244,"column":null}}],"line":60},"7":{"loc":{"start":{"line":77,"column":33},"end":{"line":77,"column":null}},"type":"binary-expr","locations":[{"start":{"line":77,"column":33},"end":{"line":77,"column":69}},{"start":{"line":77,"column":69},"end":{"line":77,"column":null}}],"line":77},"8":{"loc":{"start":{"line":91,"column":22},"end":{"line":91,"column":null}},"type":"cond-expr","locations":[{"start":{"line":91,"column":35},"end":{"line":91,"column":55}},{"start":{"line":91,"column":55},"end":{"line":91,"column":null}}],"line":91},"9":{"loc":{"start":{"line":101,"column":26},"end":{"line":101,"column":null}},"type":"cond-expr","locations":[{"start":{"line":101,"column":39},"end":{"line":101,"column":80}},{"start":{"line":101,"column":80},"end":{"line":101,"column":null}}],"line":101},"10":{"loc":{"start":{"line":103,"column":53},"end":{"line":103,"column":84}},"type":"cond-expr","locations":[{"start":{"line":103,"column":66},"end":{"line":103,"column":73}},{"start":{"line":103,"column":73},"end":{"line":103,"column":84}}],"line":103},"11":{"loc":{"start":{"line":109,"column":30},"end":{"line":109,"column":null}},"type":"cond-expr","locations":[{"start":{"line":109,"column":43},"end":{"line":109,"column":86}},{"start":{"line":109,"column":86},"end":{"line":109,"column":null}}],"line":109},"12":{"loc":{"start":{"line":114,"column":30},"end":{"line":116,"column":null}},"type":"cond-expr","locations":[{"start":{"line":114,"column":66},"end":{"line":114,"column":null}},{"start":{"line":115,"column":30},"end":{"line":116,"column":null}}],"line":114},"13":{"loc":{"start":{"line":115,"column":30},"end":{"line":116,"column":null}},"type":"cond-expr","locations":[{"start":{"line":115,"column":63},"end":{"line":115,"column":null}},{"start":{"line":116,"column":30},"end":{"line":116,"column":null}}],"line":115},"14":{"loc":{"start":{"line":128,"column":112},"end":{"line":128,"column":147}},"type":"binary-expr","locations":[{"start":{"line":128,"column":112},"end":{"line":128,"column":138}},{"start":{"line":128,"column":138},"end":{"line":128,"column":147}}],"line":128},"15":{"loc":{"start":{"line":130,"column":29},"end":{"line":130,"column":null}},"type":"binary-expr","locations":[{"start":{"line":130,"column":29},"end":{"line":130,"column":47}},{"start":{"line":130,"column":47},"end":{"line":130,"column":91}},{"start":{"line":130,"column":91},"end":{"line":130,"column":null}}],"line":130},"16":{"loc":{"start":{"line":139,"column":23},"end":{"line":239,"column":null}},"type":"binary-expr","locations":[{"start":{"line":139,"column":23},"end":{"line":139,"column":null}},{"start":{"line":140,"column":24},"end":{"line":239,"column":null}}],"line":139},"17":{"loc":{"start":{"line":155,"column":33},"end":{"line":155,"column":null}},"type":"binary-expr","locations":[{"start":{"line":155,"column":33},"end":{"line":155,"column":56}},{"start":{"line":155,"column":56},"end":{"line":155,"column":null}}],"line":155},"18":{"loc":{"start":{"line":169,"column":36},"end":{"line":169,"column":null}},"type":"cond-expr","locations":[{"start":{"line":169,"column":76},"end":{"line":169,"column":113}},{"start":{"line":169,"column":113},"end":{"line":169,"column":null}}],"line":169},"19":{"loc":{"start":{"line":178,"column":36},"end":{"line":178,"column":null}},"type":"cond-expr","locations":[{"start":{"line":178,"column":75},"end":{"line":178,"column":112}},{"start":{"line":178,"column":112},"end":{"line":178,"column":null}}],"line":178},"20":{"loc":{"start":{"line":223,"column":50},"end":{"line":223,"column":100}},"type":"if","locations":[{"start":{"line":223,"column":50},"end":{"line":223,"column":100}},{"start":{},"end":{}}],"line":223}},"s":{"0":14,"1":14,"2":14,"3":14,"4":14,"5":39,"6":14,"7":0,"8":14,"9":2,"10":14,"11":1,"12":14,"13":1,"14":0,"15":1,"16":1,"17":14,"18":26,"19":26,"20":0,"21":26,"22":14,"23":0,"24":0,"25":0,"26":0,"27":14,"28":26,"29":26,"30":0,"31":14,"32":26,"33":26,"34":26,"35":5,"36":4,"37":1,"38":0,"39":1,"40":1,"41":1,"42":1,"43":0,"44":0,"45":1},"f":{"0":14,"1":39,"2":2,"3":1,"4":1,"5":26,"6":0,"7":26,"8":26,"9":5,"10":4,"11":1,"12":0,"13":1,"14":1,"15":1,"16":0,"17":1},"b":{"0":[39,26],"1":[0,14],"2":[0,1],"3":[0,26],"4":[26,26],"5":[0,0],"6":[1,13],"7":[26,13],"8":[13,13],"9":[13,13],"10":[0,5],"11":[13,13],"12":[13,13],"13":[0,13],"14":[26,0],"15":[26,0,0],"16":[26,6],"17":[6,0],"18":[0,6],"19":[0,6],"20":[0,0]},"meta":{"lastBranch":21,"lastFunction":18,"lastStatement":46,"seen":{"f:10:16:10:37":0,"s:11:63:11:Infinity":0,"s:12:21:12:Infinity":1,"s:13:19:13:Infinity":2,"s:15:10:15:Infinity":3,"s:17:26:17:Infinity":4,"f:17:36:17:43":1,"s:17:48:17:96":5,"b:17:48:17:75:17:75:17:96":0,"b:19:2:19:Infinity:undefined:undefined:undefined:undefined":1,"s:19:2:19:Infinity":6,"s:19:16:19:Infinity":7,"s:21:29:23:Infinity":8,"f:21:29:21:36":2,"s:22:4:22:Infinity":9,"s:25:23:27:Infinity":10,"f:25:23:25:30":3,"s:26:4:26:Infinity":11,"s:29:24:33:Infinity":12,"f:29:24:29:31":4,"b:30:4:30:Infinity:undefined:undefined:undefined:undefined":2,"s:30:4:30:Infinity":13,"s:30:26:30:Infinity":14,"s:31:4:31:Infinity":15,"s:32:4:32:Infinity":16,"s:35:8:39:Infinity":17,"f:35:8:35:27":5,"s:36:16:36:Infinity":18,"b:37:4:37:Infinity:undefined:undefined:undefined:undefined":3,"s:37:4:37:Infinity":19,"b:37:8:37:16:37:16:37:44":4,"s:37:44:37:Infinity":20,"s:38:4:38:Infinity":21,"s:41:8:45:Infinity":22,"f:41:8:41:30":6,"s:42:18:42:Infinity":23,"b:43:4:43:Infinity:undefined:undefined:undefined:undefined":5,"s:43:4:43:Infinity":24,"s:43:26:43:Infinity":25,"s:44:4:44:Infinity":26,"s:47:8:53:Infinity":27,"f:47:8:47:22":7,"s:48:4:52:Infinity":28,"s:49:6:49:Infinity":29,"s:51:6:51:Infinity":30,"s:55:2:247:Infinity":31,"b:61:10:74:11:74:10:244:Infinity":6,"f:75:29:75:34":8,"s:76:33:76:Infinity":32,"s:77:33:77:Infinity":33,"b:77:33:77:69:77:69:77:Infinity":7,"s:79:14:241:Infinity":34,"b:91:35:91:55:91:55:91:Infinity":8,"b:101:39:101:80:101:80:101:Infinity":9,"f:103:24:103:39":9,"s:103:39:103:Infinity":35,"b:103:66:103:73:103:73:103:84":10,"b:109:43:109:86:109:86:109:Infinity":11,"b:114:66:114:Infinity:115:30:116:Infinity":12,"b:115:63:115:Infinity:116:30:116:Infinity":13,"b:128:112:128:138:128:138:128:147":14,"b:130:29:130:47:130:47:130:91:130:91:130:Infinity":15,"b:139:23:139:Infinity:140:24:239:Infinity":16,"f:145:26:145:35":10,"s:145:40:145:Infinity":36,"b:155:33:155:56:155:56:155:Infinity":17,"f:167:34:167:49":11,"s:167:49:167:Infinity":37,"b:169:76:169:113:169:113:169:Infinity":18,"f:176:34:176:49":12,"s:176:49:176:Infinity":38,"b:178:75:178:112:178:112:178:Infinity":19,"f:191:34:191:49":13,"s:191:49:191:Infinity":39,"f:199:34:199:49":14,"s:200:36:200:Infinity":40,"s:201:36:201:Infinity":41,"f:220:32:220:42":15,"s:220:47:220:Infinity":42,"f:223:32:223:43":16,"b:223:50:223:100:undefined:undefined:undefined:undefined":20,"s:223:50:223:100":43,"s:223:73:223:100":44,"f:228:32:228:47":17,"s:228:47:228:Infinity":45},"fnNames":{}}}
,"/Users/riyansh/stadiaos/src/components/shared/BottomNav.tsx": {"path":"/Users/riyansh/stadiaos/src/components/shared/BottomNav.tsx","statementMap":{"0":{"start":{"line":7,"column":13},"end":{"line":84,"column":null}},"1":{"start":{"line":8,"column":8},"end":{"line":8,"column":null}},"2":{"start":{"line":9,"column":17},"end":{"line":9,"column":null}},"3":{"start":{"line":11,"column":2},"end":{"line":29,"column":null}},"4":{"start":{"line":12,"column":22},"end":{"line":12,"column":null}},"5":{"start":{"line":13,"column":10},"end":{"line":13,"column":null}},"6":{"start":{"line":15,"column":16},"end":{"line":15,"column":null}},"7":{"start":{"line":17,"column":10},"end":{"line":25,"column":null}},"8":{"start":{"line":18,"column":23},"end":{"line":18,"column":null}},"9":{"start":{"line":19,"column":6},"end":{"line":23,"column":null}},"10":{"start":{"line":20,"column":8},"end":{"line":20,"column":null}},"11":{"start":{"line":22,"column":8},"end":{"line":22,"column":null}},"12":{"start":{"line":24,"column":6},"end":{"line":24,"column":null}},"13":{"start":{"line":27,"column":4},"end":{"line":27,"column":null}},"14":{"start":{"line":28,"column":4},"end":{"line":28,"column":null}},"15":{"start":{"line":28,"column":17},"end":{"line":28,"column":null}},"16":{"start":{"line":31,"column":19},"end":{"line":36,"column":null}},"17":{"start":{"line":38,"column":2},"end":{"line":82,"column":null}},"18":{"start":{"line":51,"column":27},"end":{"line":51,"column":null}},"19":{"start":{"line":52,"column":10},"end":{"line":78,"column":null}}},"fnMap":{"0":{"name":"BottomNav","decl":{"start":{"line":7,"column":39},"end":{"line":7,"column":51}},"loc":{"start":{"line":7,"column":51},"end":{"line":84,"column":1}},"line":7},"1":{"name":"(anonymous_1)","decl":{"start":{"line":11,"column":2},"end":{"line":11,"column":18}},"loc":{"start":{"line":11,"column":18},"end":{"line":29,"column":5}},"line":11},"2":{"name":"(anonymous_2)","decl":{"start":{"line":17,"column":10},"end":{"line":17,"column":31}},"loc":{"start":{"line":17,"column":31},"end":{"line":25,"column":null}},"line":17},"3":{"name":"(anonymous_3)","decl":{"start":{"line":28,"column":4},"end":{"line":28,"column":17}},"loc":{"start":{"line":28,"column":17},"end":{"line":28,"column":null}},"line":28},"4":{"name":"(anonymous_4)","decl":{"start":{"line":50,"column":18},"end":{"line":50,"column":23}},"loc":{"start":{"line":50,"column":32},"end":{"line":80,"column":9}},"line":50}},"branchMap":{"0":{"loc":{"start":{"line":13,"column":10},"end":{"line":13,"column":null}},"type":"binary-expr","locations":[{"start":{"line":13,"column":23},"end":{"line":13,"column":92}},{"start":{"line":13,"column":92},"end":{"line":13,"column":null}}],"line":13},"1":{"loc":{"start":{"line":13,"column":23},"end":{"line":13,"column":92}},"type":"cond-expr","locations":[{"start":{"line":13,"column":35},"end":{"line":13,"column":81}},{"start":{"line":13,"column":81},"end":{"line":13,"column":92}}],"line":13},"2":{"loc":{"start":{"line":15,"column":16},"end":{"line":15,"column":null}},"type":"cond-expr","locations":[{"start":{"line":15,"column":39},"end":{"line":15,"column":57}},{"start":{"line":15,"column":57},"end":{"line":15,"column":null}}],"line":15},"3":{"loc":{"start":{"line":18,"column":23},"end":{"line":18,"column":null}},"type":"cond-expr","locations":[{"start":{"line":18,"column":46},"end":{"line":18,"column":64}},{"start":{"line":18,"column":64},"end":{"line":18,"column":null}}],"line":18},"4":{"loc":{"start":{"line":19,"column":6},"end":{"line":23,"column":null}},"type":"if","locations":[{"start":{"line":19,"column":6},"end":{"line":23,"column":null}},{"start":{"line":21,"column":13},"end":{"line":23,"column":null}}],"line":19},"5":{"loc":{"start":{"line":19,"column":10},"end":{"line":19,"column":45}},"type":"binary-expr","locations":[{"start":{"line":19,"column":10},"end":{"line":19,"column":30}},{"start":{"line":19,"column":30},"end":{"line":19,"column":45}}],"line":19},"6":{"loc":{"start":{"line":45,"column":15},"end":{"line":45,"column":null}},"type":"cond-expr","locations":[{"start":{"line":45,"column":24},"end":{"line":45,"column":35}},{"start":{"line":45,"column":35},"end":{"line":45,"column":null}}],"line":45},"7":{"loc":{"start":{"line":59,"column":16},"end":{"line":59,"column":null}},"type":"cond-expr","locations":[{"start":{"line":59,"column":27},"end":{"line":59,"column":42}},{"start":{"line":59,"column":42},"end":{"line":59,"column":null}}],"line":59},"8":{"loc":{"start":{"line":62,"column":15},"end":{"line":69,"column":15}},"type":"binary-expr","locations":[{"start":{"line":62,"column":15},"end":{"line":62,"column":null}},{"start":{"line":63,"column":16},"end":{"line":69,"column":15}}],"line":62},"9":{"loc":{"start":{"line":74,"column":71},"end":{"line":74,"column":103}},"type":"cond-expr","locations":[{"start":{"line":74,"column":82},"end":{"line":74,"column":101}},{"start":{"line":74,"column":101},"end":{"line":74,"column":103}}],"line":74},"10":{"loc":{"start":{"line":75,"column":31},"end":{"line":75,"column":null}},"type":"cond-expr","locations":[{"start":{"line":75,"column":42},"end":{"line":75,"column":48}},{"start":{"line":75,"column":48},"end":{"line":75,"column":null}}],"line":75}},"s":{"0":1,"1":4,"2":4,"3":4,"4":4,"5":4,"6":4,"7":4,"8":0,"9":0,"10":0,"11":0,"12":0,"13":4,"14":4,"15":4,"16":4,"17":4,"18":16,"19":16},"f":{"0":4,"1":4,"2":0,"3":4,"4":16},"b":{"0":[4,0],"1":[0,4],"2":[4,0],"3":[0,0],"4":[0,0],"5":[0,0],"6":[0,4],"7":[4,12],"8":[16,4],"9":[4,12],"10":[4,12]},"meta":{"lastBranch":11,"lastFunction":5,"lastStatement":20,"seen":{"s:7:13:84:Infinity":0,"f:7:39:7:51":0,"s:8:8:8:Infinity":1,"s:9:17:9:Infinity":2,"s:11:2:29:Infinity":3,"f:11:2:11:18":1,"s:12:22:12:Infinity":4,"s:13:10:13:Infinity":5,"b:13:23:13:92:13:92:13:Infinity":0,"b:13:35:13:81:13:81:13:92":1,"s:15:16:15:Infinity":6,"b:15:39:15:57:15:57:15:Infinity":2,"s:17:10:25:Infinity":7,"f:17:10:17:31":2,"s:18:23:18:Infinity":8,"b:18:46:18:64:18:64:18:Infinity":3,"b:19:6:23:Infinity:21:13:23:Infinity":4,"s:19:6:23:Infinity":9,"b:19:10:19:30:19:30:19:45":5,"s:20:8:20:Infinity":10,"s:22:8:22:Infinity":11,"s:24:6:24:Infinity":12,"s:27:4:27:Infinity":13,"s:28:4:28:Infinity":14,"f:28:4:28:17":3,"s:28:17:28:Infinity":15,"s:31:19:36:Infinity":16,"s:38:2:82:Infinity":17,"b:45:24:45:35:45:35:45:Infinity":6,"f:50:18:50:23":4,"s:51:27:51:Infinity":18,"s:52:10:78:Infinity":19,"b:59:27:59:42:59:42:59:Infinity":7,"b:62:15:62:Infinity:63:16:69:15":8,"b:74:82:74:101:74:101:74:103":9,"b:75:42:75:48:75:48:75:Infinity":10},"fnNames":{}}}
[...]
,"/Users/riyansh/stadiaos/src/services/routing/venueGraph.ts": {"path":"/Users/riyansh/stadiaos/src/services/routing/venueGraph.ts","statementMap":{"0":{"start":{"line":8,"column":28},"end":{"line":36,"column":null}},"1":{"start":{"line":60,"column":18},"end":{"line":60,"column":null}},"2":{"start":{"line":63,"column":2},"end":{"line":75,"column":null}},"3":{"start":{"line":64,"column":16},"end":{"line":64,"column":null}},"4":{"start":{"line":65,"column":4},"end":{"line":65,"column":null}},"5":{"start":{"line":65,"column":14},"end":{"line":65,"column":null}},"6":{"start":{"line":66,"column":4},"end":{"line":74,"column":null}},"7":{"start":{"line":78,"column":32},"end":{"line":78,"column":null}},"8":{"start":{"line":81,"column":2},"end":{"line":91,"column":null}},"9":{"start":{"line":82,"column":4},"end":{"line":90,"column":null}},"10":{"start":{"line":83,"column":6},"end":{"line":89,"column":null}},"11":{"start":{"line":94,"column":2},"end":{"line":114,"column":null}},"12":{"start":{"line":95,"column":23},"end":{"line":95,"column":null}},"13":{"start":{"line":96,"column":22},"end":{"line":96,"column":null}},"14":{"start":{"line":97,"column":4},"end":{"line":113,"column":null}},"15":{"start":{"line":99,"column":6},"end":{"line":105,"column":null}},"16":{"start":{"line":106,"column":6},"end":{"line":112,"column":null}},"17":{"start":{"line":116,"column":2},"end":{"line":116,"column":null}}},"fnMap":{"0":{"name":"buildVenueGraph","decl":{"start":{"line":43,"column":16},"end":{"line":43,"column":null}},"loc":{"start":{"line":59,"column":14},"end":{"line":117,"column":null}},"line":59}},"branchMap":{"0":{"loc":{"start":{"line":65,"column":4},"end":{"line":65,"column":null}},"type":"if","locations":[{"start":{"line":65,"column":4},"end":{"line":65,"column":null}},{"start":{},"end":{}}],"line":65},"1":{"loc":{"start":{"line":70,"column":13},"end":{"line":70,"column":null}},"type":"binary-expr","locations":[{"start":{"line":70,"column":13},"end":{"line":70,"column":24}},{"start":{"line":70,"column":24},"end":{"line":70,"column":null}}],"line":70},"2":{"loc":{"start":{"line":71,"column":9},"end":{"line":71,"column":null}},"type":"binary-expr","locations":[{"start":{"line":71,"column":9},"end":{"line":71,"column":26}},{"start":{"line":71,"column":26},"end":{"line":71,"column":null}}],"line":71},"3":{"loc":{"start":{"line":72,"column":9},"end":{"line":72,"column":null}},"type":"binary-expr","locations":[{"start":{"line":72,"column":9},"end":{"line":72,"column":26}},{"start":{"line":72,"column":26},"end":{"line":72,"column":null}}],"line":72},"4":{"loc":{"start":{"line":82,"column":4},"end":{"line":90,"column":null}},"type":"if","locations":[{"start":{"line":82,"column":4},"end":{"line":90,"column":null}},{"start":{},"end":{}}],"line":82},"5":{"loc":{"start":{"line":82,"column":8},"end":{"line":82,"column":36}},"type":"binary-expr","locations":[{"start":{"line":82,"column":8},"end":{"line":82,"column":24}},{"start":{"line":82,"column":24},"end":{"line":82,"column":36}}],"line":82},"6":{"loc":{"start":{"line":97,"column":4},"end":{"line":113,"column":null}},"type":"if","locations":[{"start":{"line":97,"column":4},"end":{"line":113,"column":null}},{"start":{},"end":{}}],"line":97},"7":{"loc":{"start":{"line":97,"column":8},"end":{"line":97,"column":59}},"type":"binary-expr","locations":[{"start":{"line":97,"column":8},"end":{"line":97,"column":22}},{"start":{"line":97,"column":22},"end":{"line":97,"column":35}},{"start":{"line":97,"column":35},"end":{"line":97,"column":59}}],"line":97}},"s":{"0":4,"1":13,"2":13,"3":171,"4":171,"5":1,"6":170,"7":13,"8":13,"9":121,"10":121,"11":13,"12":171,"13":171,"14":171,"15":1,"16":1,"17":13},"f":{"0":13},"b":{"0":[1,170],"1":[170,0],"2":[171,0],"3":[171,0],"4":[121,0],"5":[121,121],"6":[1,170],"7":[171,170,1]},"meta":{"lastBranch":8,"lastFunction":1,"lastStatement":18,"seen":{"s:8:28:36:Infinity":0,"f:43:16:43:Infinity":0,"s:60:18:60:Infinity":1,"s:63:2:75:Infinity":2,"s:64:16:64:Infinity":3,"b:65:4:65:Infinity:undefined:undefined:undefined:undefined":0,"s:65:4:65:Infinity":4,"s:65:14:65:Infinity":5,"s:66:4:74:Infinity":6,"b:70:13:70:24:70:24:70:Infinity":1,"b:71:9:71:26:71:26:71:Infinity":2,"b:72:9:72:26:72:26:72:Infinity":3,"s:78:32:78:Infinity":7,"s:81:2:91:Infinity":8,"b:82:4:90:Infinity:undefined:undefined:undefined:undefined":4,"s:82:4:90:Infinity":9,"b:82:8:82:24:82:24:82:36":5,"s:83:6:89:Infinity":10,"s:94:2:114:Infinity":11,"s:95:23:95:Infinity":12,"s:96:22:96:Infinity":13,"b:97:4:113:Infinity:undefined:undefined:undefined:undefined":6,"s:97:4:113:Infinity":14,"b:97:8:97:22:97:22:97:35:97:35:97:59":7,"s:99:6:105:Infinity":15,"s:106:6:112:Infinity":16,"s:116:2:116:Infinity":17},"fnNames":{}}}
,"/Users/riyansh/stadiaos/src/services/supabase/index.ts": {"path":"/Users/riyansh/stadiaos/src/services/supabase/index.ts","statementMap":{"0":{"start":{"line":3,"column":20},"end":{"line":3,"column":null}},"1":{"start":{"line":4,"column":24},"end":{"line":4,"column":null}},"2":{"start":{"line":6,"column":13},"end":{"line":6,"column":null}}},"fnMap":{},"branchMap":{"0":{"loc":{"start":{"line":3,"column":20},"end":{"line":3,"column":null}},"type":"binary-expr","locations":[{"start":{"line":3,"column":20},"end":{"line":3,"column":57}},{"start":{"line":3,"column":57},"end":{"line":3,"column":null}}],"line":3},"1":{"loc":{"start":{"line":4,"column":24},"end":{"line":4,"column":null}},"type":"binary-expr","locations":[{"start":{"line":4,"column":24},"end":{"line":4,"column":66}},{"start":{"line":4,"column":66},"end":{"line":4,"column":null}}],"line":4}},"s":{"0":1,"1":1,"2":1},"f":{},"b":{"0":[1,0],"1":[1,0]},"meta":{"lastBranch":2,"lastFunction":0,"lastStatement":3,"seen":{"s:3:20:3:Infinity":0,"b:3:20:3:57:3:57:3:Infinity":0,"s:4:24:4:Infinity":1,"b:4:24:4:66:4:66:4:Infinity":1,"s:6:13:6:Infinity":2},"fnNames":{}}}
,"/Users/riyansh/stadiaos/src/store/useAppStore.ts": {"path":"/Users/riyansh/stadiaos/src/store/useAppStore.ts","statementMap":{"0":{"start":{"line":27,"column":6},"end":{"line":38,"column":null}},"1":{"start":{"line":27,"column":54},"end":{"line":38,"column":null}},"2":{"start":{"line":40,"column":29},"end":{"line":53,"column":null}},"3":{"start":{"line":41,"column":26},"end":{"line":45,"column":null}},"4":{"start":{"line":47,"column":2},"end":{"line":50,"column":null}},"5":{"start":{"line":48,"column":4},"end":{"line":48,"column":null}},"6":{"start":{"line":49,"column":4},"end":{"line":49,"column":null}},"7":{"start":{"line":52,"column":2},"end":{"line":52,"column":null}},"8":{"start":{"line":76,"column":13},"end":{"line":193,"column":null}},"9":{"start":{"line":76,"column":59},"end":{"line":193,"column":2}},"10":{"start":{"line":92,"column":33},"end":{"line":92,"column":null}},"11":{"start":{"line":92,"column":49},"end":{"line":92,"column":97}},"12":{"start":{"line":93,"column":16},"end":{"line":93,"column":null}},"13":{"start":{"line":95,"column":17},"end":{"line":95,"column":null}},"14":{"start":{"line":96,"column":4},"end":{"line":98,"column":null}},"15":{"start":{"line":97,"column":6},"end":{"line":97,"column":null}},"16":{"start":{"line":104,"column":4},"end":{"line":157,"column":null}},"17":{"start":{"line":105,"column":20},"end":{"line":105,"column":null}},"18":{"start":{"line":106,"column":22},"end":{"line":106,"column":null}},"19":{"start":{"line":107,"column":24},"end":{"line":107,"column":null}},"20":{"start":{"line":108,"column":21},"end":{"line":108,"column":null}},"21":{"start":{"line":110,"column":6},"end":{"line":113,"column":null}},"22":{"start":{"line":111,"column":8},"end":{"line":111,"column":null}},"23":{"start":{"line":112,"column":8},"end":{"line":112,"column":null}},"24":{"start":{"line":115,"column":21},"end":{"line":119,"column":null}},"25":{"start":{"line":121,"column":23},"end":{"line":121,"column":null}},"26":{"start":{"line":122,"column":36},"end":{"line":130,"column":null}},"27":{"start":{"line":132,"column":6},"end":{"line":132,"column":null}},"28":{"start":{"line":132,"column":22},"end":{"line":132,"column":71}},"29":{"start":{"line":134,"column":24},"end":{"line":150,"column":null}},"30":{"start":{"line":152,"column":6},"end":{"line":154,"column":null}},"31":{"start":{"line":153,"column":8},"end":{"line":153,"column":null}},"32":{"start":{"line":156,"column":6},"end":{"line":156,"column":null}},"33":{"start":{"line":160,"column":4},"end":{"line":162,"column":null}},"34":{"start":{"line":161,"column":6},"end":{"line":161,"column":null}},"35":{"start":{"line":164,"column":4},"end":{"line":166,"column":null}},"36":{"start":{"line":164,"column":20},"end":{"line":166,"column":6}},"37":{"start":{"line":165,"column":47},"end":{"line":165,"column":100}},"38":{"start":{"line":168,"column":4},"end":{"line":172,"column":null}},"39":{"start":{"line":169,"column":6},"end":{"line":169,"column":null}},"40":{"start":{"line":171,"column":6},"end":{"line":171,"column":null}},"41":{"start":{"line":175,"column":4},"end":{"line":191,"column":null}},"42":{"start":{"line":176,"column":26},"end":{"line":176,"column":null}},"43":{"start":{"line":177,"column":6},"end":{"line":177,"column":null}},"44":{"start":{"line":179,"column":28},"end":{"line":179,"column":null}},"45":{"start":{"line":179,"column":68},"end":{"line":179,"column":117}},"46":{"start":{"line":180,"column":6},"end":{"line":188,"column":null}},"47":{"start":{"line":181,"column":8},"end":{"line":187,"column":null}},"48":{"start":{"line":184,"column":39},"end":{"line":184,"column":null}},"49":{"start":{"line":185,"column":12},"end":{"line":185,"column":null}},"50":{"start":{"line":190,"column":6},"end":{"line":190,"column":null}}},"fnMap":{"0":{"name":"(anonymous_0)","decl":{"start":{"line":27,"column":6},"end":{"line":27,"column":30}},"loc":{"start":{"line":27,"column":54},"end":{"line":38,"column":null}},"line":27},"1":{"name":"(anonymous_1)","decl":{"start":{"line":40,"column":29},"end":{"line":40,"column":62}},"loc":{"start":{"line":40,"column":62},"end":{"line":53,"column":null}},"line":40},"2":{"name":"(anonymous_2)","decl":{"start":{"line":76,"column":27},"end":{"line":76,"column":45}},"loc":{"start":{"line":76,"column":59},"end":{"line":193,"column":2}},"line":76},"3":{"name":"(anonymous_3)","decl":{"start":{"line":92,"column":2},"end":{"line":92,"column":33}},"loc":{"start":{"line":92,"column":33},"end":{"line":92,"column":null}},"line":92},"4":{"name":"(anonymous_4)","decl":{"start":{"line":92,"column":33},"end":{"line":92,"column":38}},"loc":{"start":{"line":92,"column":49},"end":{"line":92,"column":97}},"line":92},"5":{"name":"(anonymous_5)","decl":{"start":{"line":93,"column":2},"end":{"line":93,"column":16}},"loc":{"start":{"line":93,"column":16},"end":{"line":93,"column":null}},"line":93},"6":{"name":"(anonymous_6)","decl":{"start":{"line":94,"column":17},"end":{"line":94,"column":24}},"loc":{"start":{"line":94,"column":43},"end":{"line":99,"column":null}},"line":94},"7":{"name":"(anonymous_7)","decl":{"start":{"line":101,"column":2},"end":{"line":101,"column":20}},"loc":{"start":{"line":101,"column":20},"end":{"line":101,"column":null}},"line":101},"8":{"name":"(anonymous_8)","decl":{"start":{"line":103,"column":18},"end":{"line":103,"column":25}},"loc":{"start":{"line":103,"column":38},"end":{"line":158,"column":null}},"line":103},"9":{"name":"(anonymous_9)","decl":{"start":{"line":132,"column":6},"end":{"line":132,"column":11}},"loc":{"start":{"line":132,"column":22},"end":{"line":132,"column":71}},"line":132},"10":{"name":"(anonymous_10)","decl":{"start":{"line":159,"column":19},"end":{"line":159,"column":26}},"loc":{"start":{"line":159,"column":33},"end":{"line":173,"column":null}},"line":159},"11":{"name":"(anonymous_11)","decl":{"start":{"line":164,"column":4},"end":{"line":164,"column":9}},"loc":{"start":{"line":164,"column":20},"end":{"line":166,"column":6}},"line":164},"12":{"name":"(anonymous_12)","decl":{"start":{"line":165,"column":33},"end":{"line":165,"column":38}},"loc":{"start":{"line":165,"column":47},"end":{"line":165,"column":100}},"line":165},"13":{"name":"(anonymous_13)","decl":{"start":{"line":174,"column":16},"end":{"line":174,"column":28}},"loc":{"start":{"line":174,"column":28},"end":{"line":192,"column":null}},"line":174},"14":{"name":"(anonymous_14)","decl":{"start":{"line":179,"column":51},"end":{"line":179,"column":57}},"loc":{"start":{"line":179,"column":68},"end":{"line":179,"column":117}},"line":179},"15":{"name":"(anonymous_15)","decl":{"start":{"line":183,"column":88},"end":{"line":183,"column":100}},"loc":{"start":{"line":183,"column":100},"end":{"line":186,"column":11}},"line":183}},"branchMap":{"0":{"loc":{"start":{"line":31,"column":15},"end":{"line":31,"column":null}},"type":"binary-expr","locations":[{"start":{"line":31,"column":15},"end":{"line":31,"column":34}},{"start":{"line":31,"column":34},"end":{"line":31,"column":null}}],"line":31},"1":{"loc":{"start":{"line":32,"column":12},"end":{"line":32,"column":null}},"type":"binary-expr","locations":[{"start":{"line":32,"column":12},"end":{"line":32,"column":28}},{"start":{"line":32,"column":28},"end":{"line":32,"column":null}}],"line":32},"2":{"loc":{"start":{"line":34,"column":8},"end":{"line":34,"column":null}},"type":"binary-expr","locations":[{"start":{"line":34,"column":8},"end":{"line":34,"column":77}},{"start":{"line":34,"column":77},"end":{"line":34,"column":null}}],"line":34},"3":{"loc":{"start":{"line":47,"column":2},"end":{"line":50,"column":null}},"type":"if","locations":[{"start":{"line":47,"column":2},"end":{"line":50,"column":null}},{"start":{},"end":{}}],"line":47},"4":{"loc":{"start":{"line":47,"column":6},"end":{"line":47,"column":22}},"type":"binary-expr","locations":[{"start":{"line":47,"column":6},"end":{"line":47,"column":15}},{"start":{"line":47,"column":15},"end":{"line":47,"column":22}}],"line":47},"5":{"loc":{"start":{"line":96,"column":4},"end":{"line":98,"column":null}},"type":"if","locations":[{"start":{"line":96,"column":4},"end":{"line":98,"column":null}},{"start":{},"end":{}}],"line":96},"6":{"loc":{"start":{"line":110,"column":6},"end":{"line":113,"column":null}},"type":"if","locations":[{"start":{"line":110,"column":6},"end":{"line":113,"column":null}},{"start":{},"end":{}}],"line":110},"7":{"loc":{"start":{"line":110,"column":10},"end":{"line":110,"column":45}},"type":"binary-expr","locations":[{"start":{"line":110,"column":10},"end":{"line":110,"column":22}},{"start":{"line":110,"column":22},"end":{"line":110,"column":36}},{"start":{"line":110,"column":36},"end":{"line":110,"column":45}}],"line":110},"8":{"loc":{"start":{"line":121,"column":23},"end":{"line":121,"column":null}},"type":"binary-expr","locations":[{"start":{"line":121,"column":23},"end":{"line":121,"column":42}},{"start":{"line":121,"column":42},"end":{"line":121,"column":63}},{"start":{"line":121,"column":63},"end":{"line":121,"column":null}}],"line":121},"9":{"loc":{"start":{"line":152,"column":6},"end":{"line":154,"column":null}},"type":"if","locations":[{"start":{"line":152,"column":6},"end":{"line":154,"column":null}},{"start":{},"end":{}}],"line":152},"10":{"loc":{"start":{"line":160,"column":4},"end":{"line":162,"column":null}},"type":"if","locations":[{"start":{"line":160,"column":4},"end":{"line":162,"column":null}},{"start":{},"end":{}}],"line":160},"11":{"loc":{"start":{"line":165,"column":47},"end":{"line":165,"column":100}},"type":"cond-expr","locations":[{"start":{"line":165,"column":63},"end":{"line":165,"column":96}},{"start":{"line":165,"column":96},"end":{"line":165,"column":100}}],"line":165},"12":{"loc":{"start":{"line":180,"column":6},"end":{"line":188,"column":null}},"type":"if","locations":[{"start":{"line":180,"column":6},"end":{"line":188,"column":null}},{"start":{},"end":{}}],"line":180}},"s":{"0":2,"1":4,"2":2,"3":6,"4":5,"5":1,"6":1,"7":4,"8":2,"9":2,"10":2,"11":2,"12":5,"13":2,"14":2,"15":1,"16":5,"17":5,"18":5,"19":5,"20":5,"21":5,"22":1,"23":1,"24":4,"25":3,"26":5,"27":5,"28":3,"29":5,"30":3,"31":2,"32":1,"33":3,"34":1,"35":2,"36":2,"37":2,"38":2,"39":2,"40":1,"41":5,"42":5,"43":4,"44":4,"45":1,"46":4,"47":3,"48":1,"49":1,"50":1},"f":{"0":4,"1":6,"2":2,"3":2,"4":2,"5":5,"6":2,"7":1,"8":5,"9":3,"10":3,"11":2,"12":2,"13":5,"14":1,"15":1},"b":{"0":[4,0],"1":[4,0],"2":[4,0],"3":[1,4],"4":[5,4],"5":[1,1],"6":[1,4],"7":[5,4,4],"8":[3,0,0],"9":[2,1],"10":[1,2],"11":[2,0],"12":[3,1]},"meta":{"lastBranch":13,"lastFunction":16,"lastStatement":51,"seen":{"s:27:6:38:Infinity":0,"f:27:6:27:30":0,"s:27:54:38:Infinity":1,"b:31:15:31:34:31:34:31:Infinity":0,"b:32:12:32:28:32:28:32:Infinity":1,"b:34:8:34:77:34:77:34:Infinity":2,"s:40:29:53:Infinity":2,"f:40:29:40:62":1,"s:41:26:45:Infinity":3,"b:47:2:50:Infinity:undefined:undefined:undefined:undefined":3,"s:47:2:50:Infinity":4,"b:47:6:47:15:47:15:47:22":4,"s:48:4:48:Infinity":5,"s:49:4:49:Infinity":6,"s:52:2:52:Infinity":7,"s:76:13:193:Infinity":8,"f:76:27:76:45":2,"s:76:59:193:2":9,"f:92:2:92:33":3,"s:92:33:92:Infinity":10,"f:92:33:92:38":4,"s:92:49:92:97":11,"f:93:2:93:16":5,"s:93:16:93:Infinity":12,"f:94:17:94:24":6,"s:95:17:95:Infinity":13,"b:96:4:98:Infinity:undefined:undefined:undefined:undefined":5,"s:96:4:98:Infinity":14,"s:97:6:97:Infinity":15,"f:101:2:101:20":7,"f:103:18:103:25":8,"s:104:4:157:Infinity":16,"s:105:20:105:Infinity":17,"s:106:22:106:Infinity":18,"s:107:24:107:Infinity":19,"s:108:21:108:Infinity":20,"b:110:6:113:Infinity:undefined:undefined:undefined:undefined":6,"s:110:6:113:Infinity":21,"b:110:10:110:22:110:22:110:36:110:36:110:45":7,"s:111:8:111:Infinity":22,"s:112:8:112:Infinity":23,"s:115:21:119:Infinity":24,"s:121:23:121:Infinity":25,"b:121:23:121:42:121:42:121:63:121:63:121:Infinity":8,"s:122:36:130:Infinity":26,"s:132:6:132:Infinity":27,"f:132:6:132:11":9,"s:132:22:132:71":28,"s:134:24:150:Infinity":29,"b:152:6:154:Infinity:undefined:undefined:undefined:undefined":9,"s:152:6:154:Infinity":30,"s:153:8:153:Infinity":31,"s:156:6:156:Infinity":32,"f:159:19:159:26":10,"b:160:4:162:Infinity:undefined:undefined:undefined:undefined":10,"s:160:4:162:Infinity":33,"s:161:6:161:Infinity":34,"s:164:4:166:Infinity":35,"f:164:4:164:9":11,"s:164:20:166:6":36,"f:165:33:165:38":12,"s:165:47:165:100":37,"b:165:63:165:96:165:96:165:100":11,"s:168:4:172:Infinity":38,"s:169:6:169:Infinity":39,"s:171:6:171:Infinity":40,"f:174:16:174:28":13,"s:175:4:191:Infinity":41,"s:176:26:176:Infinity":42,"s:177:6:177:Infinity":43,"s:179:28:179:Infinity":44,"f:179:51:179:57":14,"s:179:68:179:117":45,"b:180:6:188:Infinity:undefined:undefined:undefined:undefined":12,"s:180:6:188:Infinity":46,"s:181:8:187:Infinity":47,"f:183:88:183:100":15,"s:184:39:184:Infinity":48,"s:185:12:185:Infinity":49,"s:190:6:190:Infinity":50},"fnNames":{}}}
}
